#
# There is insufficient memory for the Java Runtime Environment to continue.
# Native memory allocation (mmap) failed to map 50331648 bytes for Failed to commit area from 0x000000008ef00000 to 0x0000000091f00000 of length 50331648.
# Possible reasons:
#   The system is out of physical RAM or swap space
#   The process is running with CompressedOops enabled, and the Java Heap may be blocking the growth of the native heap
# Possible solutions:
#   Reduce memory load on the system
#   Increase physical memory or swap space
#   Check if swap backing store is full
#   Decrease Java heap size (-Xmx/-Xms)
#   Decrease number of Java threads
#   Decrease Java thread stack sizes (-Xss)
#   Set larger code cache with -XX:ReservedCodeCacheSize=
#   JVM is running with Unscaled Compressed Oops mode in which the Java heap is
#     placed in the first 4GB address space. The Java Heap base address is the
#     maximum limit for the native heap growth. Please use -XX:HeapBaseMinAddress
#     to set the Java Heap base and to place the Java Heap above 4GB virtual address.
# This output file may be truncated or incomplete.
#
#  Out of Memory Error (./open/src/hotspot/os/windows/os_windows.cpp:3292), pid=25376, tid=15988
#
# JRE version: Java(TM) SE Runtime Environment 18.9 (11.0.19+9) (build 11.0.19+9-LTS-224)
# Java VM: Java HotSpot(TM) 64-Bit Server VM 18.9 (11.0.19+9-LTS-224, mixed mode, tiered, compressed oops, g1 gc, windows-amd64)
# No core dump will be written. Minidumps are not enabled by default on client versions of Windows
#

---------------  S U M M A R Y ------------

Command Line: -XX:MaxMetaspaceSize=512m --add-opens=java.base/java.util=ALL-UNNAMED --add-opens=java.base/java.lang=ALL-UNNAMED --add-opens=java.base/java.lang.invoke=ALL-UNNAMED --add-opens=java.prefs/java.util.prefs=ALL-UNNAMED --add-opens=java.base/java.nio.charset=ALL-UNNAMED --add-opens=java.base/java.net=ALL-UNNAMED --add-opens=java.base/java.util.concurrent.atomic=ALL-UNNAMED -Xmx2048m -Dfile.encoding=windows-1252 -Duser.country=US -Duser.language=en -Duser.variant org.gradle.launcher.daemon.bootstrap.GradleDaemon 8.0.1

Host: Intel(R) Core(TM) i5-10300H CPU @ 2.50GHz, 8 cores, 7G,  Windows 11 , 64 bit Build 22621 (10.0.22621.2506)
Time: Thu Nov 23 11:47:13 2023 India Standard Time elapsed time: 102.709857 seconds (0d 0h 1m 42s)

---------------  T H R E A D  ---------------

Current thread (0x000002587fa1c800):  VMThread "VM Thread" [stack: 0x000000aeb9500000,0x000000aeb9600000] [id=15988]

Stack: [0x000000aeb9500000,0x000000aeb9600000]
[error occurred during error reporting (printing stack bounds), id 0xc0000005, EXCEPTION_ACCESS_VIOLATION (0xc0000005) at pc=0x0000025800000f2d]

Native frames: (J=compiled Java code, j=interpreted, Vv=VM code, C=native code)
V  [jvm.dll+0x65fe1a]
V  [jvm.dll+0x7a2bbf]
V  [jvm.dll+0x7a4289]
V  [jvm.dll+0x7a4885]
V  [jvm.dll+0x7a483b]
V  [jvm.dll+0x65f323]
V  [jvm.dll+0x65fa18]
C  [ntdll.dll+0xa441f]
C  [ntdll.dll+0x1e466]
C  [ntdll.dll+0xa340e]
C  0x0000025800000f2d

VM_Operation (0x000000aebebf9650): G1CollectForAllocation, mode: safepoint, requested by thread 0x0000025814b49800


---------------  P R O C E S S  ---------------

Threads class SMR info:
_java_thread_list=0x000002580f9badb0, length=135, elements={
0x00000258709e8800, 0x000002587fa1e800, 0x000002587fa29000, 0x000002587fa37000,
0x000002587fa39800, 0x000002587fa3b800, 0x000002587fa3f000, 0x000002587fa40000,
0x000002587fa46800, 0x000002587fd00000, 0x0000025811d08800, 0x0000025810575000,
0x000002581150d800, 0x000002581162f000, 0x0000025812523000, 0x00000258103a9800,
0x00000258103aa800, 0x00000258103a8000, 0x00000258103a9000, 0x00000258103ab800,
0x00000258103a7000, 0x00000258130e3000, 0x00000258130e7800, 0x00000258130e1800,
0x00000258130e9800, 0x00000258130ea800, 0x00000258130eb800, 0x00000258130ed000,
0x00000258130ee800, 0x00000258130ef800, 0x0000025814b40800, 0x0000025814b48000,
0x00000258103ac000, 0x0000025810463000, 0x000002581045d800, 0x000002581045e000,
0x0000025810461800, 0x000002581045f000, 0x0000025810460800, 0x0000025810462000,
0x0000025810465800, 0x0000025810464000, 0x0000025810464800, 0x0000025810469800,
0x000002581046b000, 0x0000025810469000, 0x0000025810466800, 0x0000025810467000,
0x000002581046c000, 0x0000025810468000, 0x00000258190bb000, 0x00000258190be000,
0x00000258190bb800, 0x00000258190bd800, 0x00000258190ba000, 0x00000258190bf000,
0x00000258190b9800, 0x00000258190c0000, 0x00000258190c0800, 0x00000258190bc800,
0x00000258190c2800, 0x00000258190c3000, 0x00000258190c4000, 0x00000258190c4800,
0x00000258190c5800, 0x00000258190c6800, 0x00000258190c7000, 0x00000258190c1800,
0x0000025814b44800, 0x0000025814b41800, 0x0000025814b3f800, 0x0000025814b42000,
0x0000025814b48800, 0x0000025814b43000, 0x0000025814b45800, 0x0000025814b46000,
0x0000025814b49800, 0x0000025814b43800, 0x0000025814b4e800, 0x0000025814b4d800,
0x0000025814b4a000, 0x0000025814b4c800, 0x0000025814b4b000, 0x0000025814b4c000,
0x00000258130e5000, 0x00000258130e5800, 0x00000258130e2800, 0x00000258130ec000,
0x00000258130ee000, 0x00000258103a5800, 0x00000258103a6800, 0x0000025815062800,
0x0000025815061000, 0x0000025815063800, 0x0000025815060000, 0x0000025815061800,
0x0000025815064000, 0x000002581505e800, 0x0000025815065000, 0x000002581505f000,
0x0000025815067800, 0x0000025815068000, 0x0000025815069000, 0x000002581506a800,
0x000002581506b800, 0x000002581506a000, 0x0000025815065800, 0x000002581506c800,
0x0000025815066800, 0x000002581506d000, 0x0000025813008800, 0x000002581300a000,
0x000002581300c000, 0x000002581300b000, 0x000002581300c800, 0x000002581300d800,
0x000002581300e000, 0x000002581300f000, 0x0000025813009800, 0x0000025813013000,
0x0000025813010800, 0x0000025813011800, 0x0000025813014000, 0x0000025813014800,
0x0000025813012800, 0x0000025813015800, 0x0000025813010000, 0x0000025813016800,
0x0000025813017000, 0x000002580fb91000, 0x000002580fb92800, 0x000002580fb93000,
0x000002580fb95000, 0x000002580fb95800, 0x000002580fb94000
}

Java Threads: ( => current thread )
  0x00000258709e8800 JavaThread "main" [_thread_blocked, id=8264, stack(0x000000aeb8f00000,0x000000aeb9000000)]
  0x000002587fa1e800 JavaThread "Reference Handler" daemon [_thread_blocked, id=9104, stack(0x000000aeb9600000,0x000000aeb9700000)]
  0x000002587fa29000 JavaThread "Finalizer" daemon [_thread_blocked, id=12500, stack(0x000000aeb9700000,0x000000aeb9800000)]
  0x000002587fa37000 JavaThread "Signal Dispatcher" daemon [_thread_blocked, id=324, stack(0x000000aeb9800000,0x000000aeb9900000)]
  0x000002587fa39800 JavaThread "Attach Listener" daemon [_thread_blocked, id=26936, stack(0x000000aeb9900000,0x000000aeb9a00000)]
  0x000002587fa3b800 JavaThread "Service Thread" daemon [_thread_blocked, id=13336, stack(0x000000aeb9a00000,0x000000aeb9b00000)]
  0x000002587fa3f000 JavaThread "C2 CompilerThread0" daemon [_thread_blocked, id=18336, stack(0x000000aeb9b00000,0x000000aeb9c00000)]
  0x000002587fa40000 JavaThread "C1 CompilerThread0" daemon [_thread_blocked, id=25068, stack(0x000000aeb9c00000,0x000000aeb9d00000)]
  0x000002587fa46800 JavaThread "Sweeper thread" daemon [_thread_blocked, id=12452, stack(0x000000aeb9d00000,0x000000aeb9e00000)]
  0x000002587fd00000 JavaThread "Common-Cleaner" daemon [_thread_blocked, id=16548, stack(0x000000aeb9e00000,0x000000aeb9f00000)]
  0x0000025811d08800 JavaThread "Daemon health stats" [_thread_blocked, id=30492, stack(0x000000aeba400000,0x000000aeba500000)]
  0x0000025810575000 JavaThread "Incoming local TCP Connector on port 63217" [_thread_in_native, id=14464, stack(0x000000aeba000000,0x000000aeba100000)]
  0x000002581150d800 JavaThread "Daemon periodic checks" [_thread_blocked, id=30460, stack(0x000000aeba300000,0x000000aeba400000)]
  0x000002581162f000 JavaThread "Daemon" [_thread_blocked, id=16292, stack(0x000000aeba500000,0x000000aeba600000)]
  0x0000025812523000 JavaThread "Daemon worker" [_thread_blocked, id=28808, stack(0x000000aeba800000,0x000000aeba900000)]
  0x00000258103a9800 JavaThread "Cache worker for journal cache (C:\Users\Asus\.gradle\caches\journal-1)" [_thread_blocked, id=17940, stack(0x000000aebb100000,0x000000aebb200000)]
  0x00000258103aa800 JavaThread "File lock request listener" [_thread_in_native, id=12696, stack(0x000000aebb200000,0x000000aebb300000)]
  0x00000258103a8000 JavaThread "Cache worker for file hash cache (C:\Users\Asus\.gradle\caches\8.0.1\fileHashes)" [_thread_blocked, id=29792, stack(0x000000aebb400000,0x000000aebb500000)]
  0x00000258103a9000 JavaThread "File watcher server" daemon [_thread_in_native, id=904, stack(0x000000aebb600000,0x000000aebb700000)]
  0x00000258103ab800 JavaThread "File watcher consumer" daemon [_thread_blocked, id=11840, stack(0x000000aebb700000,0x000000aebb800000)]
  0x00000258103a7000 JavaThread "Cache worker for file content cache (C:\Users\Asus\.gradle\caches\8.0.1\fileContent)" [_thread_blocked, id=20076, stack(0x000000aebba00000,0x000000aebbb00000)]
  0x00000258130e3000 JavaThread "Cache worker for execution history cache (C:\Users\Asus\.gradle\caches\8.0.1\executionHistory)" [_thread_blocked, id=15588, stack(0x000000aebbd00000,0x000000aebbe00000)]
  0x00000258130e7800 JavaThread "jar transforms" [_thread_blocked, id=24920, stack(0x000000aebbf00000,0x000000aebc000000)]
  0x00000258130e1800 JavaThread "jar transforms Thread 2" [_thread_blocked, id=31520, stack(0x000000aebc000000,0x000000aebc100000)]
  0x00000258130e9800 JavaThread "jar transforms Thread 3" [_thread_blocked, id=13592, stack(0x000000aebc100000,0x000000aebc200000)]
  0x00000258130ea800 JavaThread "jar transforms Thread 4" [_thread_blocked, id=20764, stack(0x000000aebc200000,0x000000aebc300000)]
  0x00000258130eb800 JavaThread "Cache worker for kotlin-dsl (C:\Users\Asus\.gradle\caches\8.0.1\kotlin-dsl)" [_thread_blocked, id=31060, stack(0x000000aebbe00000,0x000000aebbf00000)]
  0x00000258130ed000 JavaThread "jar transforms Thread 5" [_thread_blocked, id=13080, stack(0x000000aebc400000,0x000000aebc500000)]
  0x00000258130ee800 JavaThread "jar transforms Thread 6" [_thread_blocked, id=30868, stack(0x000000aebc500000,0x000000aebc600000)]
  0x00000258130ef800 JavaThread "jar transforms Thread 7" [_thread_blocked, id=27024, stack(0x000000aebc800000,0x000000aebc900000)]
  0x0000025814b40800 JavaThread "jar transforms Thread 8" [_thread_blocked, id=20840, stack(0x000000aebe200000,0x000000aebe300000)]
  0x0000025814b48000 JavaThread "Memory manager" [_thread_blocked, id=25556, stack(0x000000aebe400000,0x000000aebe500000)]
  0x00000258103ac000 JavaThread "included builds" [_thread_blocked, id=27632, stack(0x000000aebe500000,0x000000aebe600000)]
  0x0000025810463000 JavaThread "Handler for socket connection from /127.0.0.1:63217 to /127.0.0.1:63372" [_thread_in_native, id=15468, stack(0x000000aeb8c00000,0x000000aeb8d00000)]
  0x000002581045d800 JavaThread "Cancel handler" [_thread_blocked, id=11936, stack(0x000000aeb8d00000,0x000000aeb8e00000)]
  0x000002581045e000 JavaThread "Asynchronous log dispatcher for DefaultDaemonConnection: socket connection from /127.0.0.1:63217 to /127.0.0.1:63372" [_thread_blocked, id=18492, stack(0x000000aeb8e00000,0x000000aeb8f00000)]
  0x0000025810461800 JavaThread "Stdin handler" [_thread_blocked, id=31184, stack(0x000000aeba900000,0x000000aebaa00000)]
  0x000002581045f000 JavaThread "Daemon client event forwarder" [_thread_blocked, id=19728, stack(0x000000aebaa00000,0x000000aebab00000)]
  0x0000025810460800 JavaThread "Cache worker for checksums cache (D:\React_projects\gwalior_basket_app\android\.gradle\8.0.1\checksums)" [_thread_blocked, id=11940, stack(0x000000aebb800000,0x000000aebb900000)]
  0x0000025810462000 JavaThread "Cache worker for cache directory md-rule (C:\Users\Asus\.gradle\caches\8.0.1\md-rule)" [_thread_blocked, id=17060, stack(0x000000aebb900000,0x000000aebba00000)]
  0x0000025810465800 JavaThread "Cache worker for file hash cache (D:\React_projects\gwalior_basket_app\android\.gradle\8.0.1\fileHashes)" [_thread_blocked, id=29220, stack(0x000000aebbb00000,0x000000aebbc00000)]
  0x0000025810464000 JavaThread "Cache worker for cache directory md-supplier (C:\Users\Asus\.gradle\caches\8.0.1\md-supplier)" [_thread_blocked, id=31640, stack(0x000000aebbc00000,0x000000aebbd00000)]
  0x0000025810464800 JavaThread "Cache worker for dependencies-accessors (D:\React_projects\gwalior_basket_app\android\.gradle\8.0.1\dependencies-accessors)" [_thread_blocked, id=16068, stack(0x000000aebab00000,0x000000aebac00000)]
  0x0000025810469800 JavaThread "Cache worker for Build Output Cleanup Cache (D:\React_projects\gwalior_basket_app\node_modules\@react-native\gradle-plugin\.gradle\buildOutputCleanup)" [_thread_blocked, id=27832, stack(0x000000aebc300000,0x000000aebc400000)]
  0x000002581046b000 JavaThread "Unconstrained build operations" [_thread_blocked, id=30012, stack(0x000000aebc700000,0x000000aebc800000)]
  0x0000025810469000 JavaThread "Unconstrained build operations Thread 2" [_thread_blocked, id=26988, stack(0x000000aebc900000,0x000000aebca00000)]
  0x0000025810466800 JavaThread "Unconstrained build operations Thread 3" [_thread_blocked, id=12968, stack(0x000000aebca00000,0x000000aebcb00000)]
  0x0000025810467000 JavaThread "Unconstrained build operations Thread 4" [_thread_blocked, id=30040, stack(0x000000aebcb00000,0x000000aebcc00000)]
  0x000002581046c000 JavaThread "Unconstrained build operations Thread 5" [_thread_blocked, id=6012, stack(0x000000aebcc00000,0x000000aebcd00000)]
  0x0000025810468000 JavaThread "Unconstrained build operations Thread 6" [_thread_blocked, id=5600, stack(0x000000aebcd00000,0x000000aebce00000)]
  0x00000258190bb000 JavaThread "Unconstrained build operations Thread 7" [_thread_blocked, id=20780, stack(0x000000aebce00000,0x000000aebcf00000)]
  0x00000258190be000 JavaThread "Unconstrained build operations Thread 8" [_thread_blocked, id=30164, stack(0x000000aebcf00000,0x000000aebd000000)]
  0x00000258190bb800 JavaThread "Unconstrained build operations Thread 9" [_thread_blocked, id=30152, stack(0x000000aebd000000,0x000000aebd100000)]
  0x00000258190bd800 JavaThread "Unconstrained build operations Thread 10" [_thread_blocked, id=30416, stack(0x000000aebd100000,0x000000aebd200000)]
  0x00000258190ba000 JavaThread "Unconstrained build operations Thread 11" [_thread_blocked, id=16768, stack(0x000000aebd200000,0x000000aebd300000)]
  0x00000258190bf000 JavaThread "Unconstrained build operations Thread 12" [_thread_blocked, id=13500, stack(0x000000aebd300000,0x000000aebd400000)]
  0x00000258190b9800 JavaThread "Unconstrained build operations Thread 13" [_thread_blocked, id=24596, stack(0x000000aebd400000,0x000000aebd500000)]
  0x00000258190c0000 JavaThread "Unconstrained build operations Thread 14" [_thread_blocked, id=22880, stack(0x000000aebd500000,0x000000aebd600000)]
  0x00000258190c0800 JavaThread "Unconstrained build operations Thread 15" [_thread_blocked, id=20320, stack(0x000000aebd600000,0x000000aebd700000)]
  0x00000258190bc800 JavaThread "Unconstrained build operations Thread 16" [_thread_blocked, id=30972, stack(0x000000aebd700000,0x000000aebd800000)]
  0x00000258190c2800 JavaThread "Unconstrained build operations Thread 17" [_thread_blocked, id=17120, stack(0x000000aebd800000,0x000000aebd900000)]
  0x00000258190c3000 JavaThread "Unconstrained build operations Thread 18" [_thread_blocked, id=28948, stack(0x000000aebd900000,0x000000aebda00000)]
  0x00000258190c4000 JavaThread "Unconstrained build operations Thread 19" [_thread_blocked, id=13796, stack(0x000000aebda00000,0x000000aebdb00000)]
  0x00000258190c4800 JavaThread "Unconstrained build operations Thread 20" [_thread_blocked, id=25608, stack(0x000000aebdb00000,0x000000aebdc00000)]
  0x00000258190c5800 JavaThread "Unconstrained build operations Thread 21" [_thread_blocked, id=30892, stack(0x000000aebdc00000,0x000000aebdd00000)]
  0x00000258190c6800 JavaThread "Unconstrained build operations Thread 22" [_thread_blocked, id=23144, stack(0x000000aebdd00000,0x000000aebde00000)]
  0x00000258190c7000 JavaThread "Unconstrained build operations Thread 23" [_thread_blocked, id=26740, stack(0x000000aebde00000,0x000000aebdf00000)]
  0x00000258190c1800 JavaThread "Unconstrained build operations Thread 24" [_thread_blocked, id=30808, stack(0x000000aebdf00000,0x000000aebe000000)]
  0x0000025814b44800 JavaThread "Unconstrained build operations Thread 25" [_thread_blocked, id=28056, stack(0x000000aebe000000,0x000000aebe100000)]
  0x0000025814b41800 JavaThread "Unconstrained build operations Thread 26" [_thread_blocked, id=29804, stack(0x000000aebe100000,0x000000aebe200000)]
  0x0000025814b3f800 JavaThread "Cache worker for Build Output Cleanup Cache (D:\React_projects\gwalior_basket_app\android\.gradle\buildOutputCleanup)" [_thread_blocked, id=2356, stack(0x000000aebe300000,0x000000aebe400000)]
  0x0000025814b42000 JavaThread "included builds" [_thread_blocked, id=26100, stack(0x000000aebe600000,0x000000aebe700000)]
  0x0000025814b48800 JavaThread "Execution worker" [_thread_blocked, id=9904, stack(0x000000aebe700000,0x000000aebe800000)]
  0x0000025814b43000 JavaThread "Execution worker Thread 2" [_thread_blocked, id=16836, stack(0x000000aebe800000,0x000000aebe900000)]
  0x0000025814b45800 JavaThread "Execution worker Thread 3" [_thread_blocked, id=11320, stack(0x000000aebe900000,0x000000aebea00000)]
  0x0000025814b46000 JavaThread "Execution worker Thread 4" [_thread_blocked, id=4492, stack(0x000000aebea00000,0x000000aebeb00000)]
  0x0000025814b49800 JavaThread "Execution worker Thread 5" [_thread_blocked, id=14144, stack(0x000000aebeb00000,0x000000aebec00000)]
  0x0000025814b43800 JavaThread "Execution worker Thread 6" [_thread_blocked, id=30564, stack(0x000000aebec00000,0x000000aebed00000)]
  0x0000025814b4e800 JavaThread "Execution worker Thread 7" [_thread_blocked, id=30768, stack(0x000000aebed00000,0x000000aebee00000)]
  0x0000025814b4d800 JavaThread "Cache worker for execution history cache (D:\React_projects\gwalior_basket_app\node_modules\@react-native\gradle-plugin\.gradle\8.0.1\executionHistory)" [_thread_blocked, id=7428, stack(0x000000aebee00000,0x000000aebef00000)]
  0x0000025814b4a000 JavaThread "Unconstrained build operations Thread 27" [_thread_blocked, id=29528, stack(0x000000aebef00000,0x000000aebf000000)]
  0x0000025814b4c800 JavaThread "Unconstrained build operations Thread 28" [_thread_blocked, id=24908, stack(0x000000aebf000000,0x000000aebf100000)]
  0x0000025814b4b000 JavaThread "Unconstrained build operations Thread 29" [_thread_blocked, id=19936, stack(0x000000aebf100000,0x000000aebf200000)]
  0x0000025814b4c000 JavaThread "Unconstrained build operations Thread 30" [_thread_blocked, id=19724, stack(0x000000aebf200000,0x000000aebf300000)]
  0x00000258130e5000 JavaThread "Unconstrained build operations Thread 31" [_thread_blocked, id=24100, stack(0x000000aebf300000,0x000000aebf400000)]
  0x00000258130e5800 JavaThread "Unconstrained build operations Thread 32" [_thread_blocked, id=22344, stack(0x000000aebf400000,0x000000aebf500000)]
  0x00000258130e2800 JavaThread "Unconstrained build operations Thread 33" [_thread_blocked, id=16256, stack(0x000000aebf500000,0x000000aebf600000)]
  0x00000258130ec000 JavaThread "Unconstrained build operations Thread 34" [_thread_blocked, id=9360, stack(0x000000aebf600000,0x000000aebf700000)]
  0x00000258130ee000 JavaThread "Unconstrained build operations Thread 35" [_thread_blocked, id=17612, stack(0x000000aebf700000,0x000000aebf800000)]
  0x00000258103a5800 JavaThread "Unconstrained build operations Thread 36" [_thread_blocked, id=29356, stack(0x000000aebf800000,0x000000aebf900000)]
  0x00000258103a6800 JavaThread "Unconstrained build operations Thread 37" [_thread_blocked, id=692, stack(0x000000aebf900000,0x000000aebfa00000)]
  0x0000025815062800 JavaThread "Unconstrained build operations Thread 38" [_thread_blocked, id=28348, stack(0x000000aebfa00000,0x000000aebfb00000)]
  0x0000025815061000 JavaThread "Unconstrained build operations Thread 39" [_thread_blocked, id=16812, stack(0x000000aebfb00000,0x000000aebfc00000)]
  0x0000025815063800 JavaThread "Unconstrained build operations Thread 40" [_thread_blocked, id=15992, stack(0x000000aebfc00000,0x000000aebfd00000)]
  0x0000025815060000 JavaThread "Unconstrained build operations Thread 41" [_thread_blocked, id=21420, stack(0x000000aebfd00000,0x000000aebfe00000)]
  0x0000025815061800 JavaThread "Unconstrained build operations Thread 42" [_thread_blocked, id=11860, stack(0x000000aebfe00000,0x000000aebff00000)]
  0x0000025815064000 JavaThread "Unconstrained build operations Thread 43" [_thread_blocked, id=31416, stack(0x000000aebff00000,0x000000aec0000000)]
  0x000002581505e800 JavaThread "Unconstrained build operations Thread 44" [_thread_blocked, id=21896, stack(0x000000aec0000000,0x000000aec0100000)]
  0x0000025815065000 JavaThread "Unconstrained build operations Thread 45" [_thread_blocked, id=29876, stack(0x000000aec0100000,0x000000aec0200000)]
  0x000002581505f000 JavaThread "Unconstrained build operations Thread 46" [_thread_blocked, id=4604, stack(0x000000aec0200000,0x000000aec0300000)]
  0x0000025815067800 JavaThread "Unconstrained build operations Thread 47" [_thread_blocked, id=29896, stack(0x000000aec0300000,0x000000aec0400000)]
  0x0000025815068000 JavaThread "Unconstrained build operations Thread 48" [_thread_blocked, id=27440, stack(0x000000aec0400000,0x000000aec0500000)]
  0x0000025815069000 JavaThread "Unconstrained build operations Thread 49" [_thread_blocked, id=18152, stack(0x000000aec0500000,0x000000aec0600000)]
  0x000002581506a800 JavaThread "Unconstrained build operations Thread 50" [_thread_blocked, id=30368, stack(0x000000aec0600000,0x000000aec0700000)]
  0x000002581506b800 JavaThread "Unconstrained build operations Thread 51" [_thread_blocked, id=17688, stack(0x000000aec0700000,0x000000aec0800000)]
  0x000002581506a000 JavaThread "Unconstrained build operations Thread 52" [_thread_blocked, id=11400, stack(0x000000aec0800000,0x000000aec0900000)]
  0x0000025815065800 JavaThread "Unconstrained build operations Thread 53" [_thread_blocked, id=11892, stack(0x000000aec0900000,0x000000aec0a00000)]
  0x000002581506c800 JavaThread "Unconstrained build operations Thread 54" [_thread_blocked, id=1748, stack(0x000000aec0a00000,0x000000aec0b00000)]
  0x0000025815066800 JavaThread "Unconstrained build operations Thread 55" [_thread_blocked, id=10172, stack(0x000000aec0b00000,0x000000aec0c00000)]
  0x000002581506d000 JavaThread "Unconstrained build operations Thread 56" [_thread_blocked, id=23504, stack(0x000000aec0c00000,0x000000aec0d00000)]
  0x0000025813008800 JavaThread "Unconstrained build operations Thread 57" [_thread_blocked, id=13032, stack(0x000000aec0d00000,0x000000aec0e00000)]
  0x000002581300a000 JavaThread "Unconstrained build operations Thread 58" [_thread_blocked, id=26760, stack(0x000000aec0e00000,0x000000aec0f00000)]
  0x000002581300c000 JavaThread "Unconstrained build operations Thread 59" [_thread_blocked, id=1100, stack(0x000000aec0f00000,0x000000aec1000000)]
  0x000002581300b000 JavaThread "Unconstrained build operations Thread 60" [_thread_blocked, id=4468, stack(0x000000aec1000000,0x000000aec1100000)]
  0x000002581300c800 JavaThread "Unconstrained build operations Thread 61" [_thread_blocked, id=22184, stack(0x000000aec1100000,0x000000aec1200000)]
  0x000002581300d800 JavaThread "Unconstrained build operations Thread 62" [_thread_blocked, id=17584, stack(0x000000aec1200000,0x000000aec1300000)]
  0x000002581300e000 JavaThread "Unconstrained build operations Thread 63" [_thread_blocked, id=15856, stack(0x000000aec1300000,0x000000aec1400000)]
  0x000002581300f000 JavaThread "Unconstrained build operations Thread 64" [_thread_blocked, id=29872, stack(0x000000aec1400000,0x000000aec1500000)]
  0x0000025813009800 JavaThread "Unconstrained build operations Thread 65" [_thread_blocked, id=31284, stack(0x000000aec1500000,0x000000aec1600000)]
  0x0000025813013000 JavaThread "Unconstrained build operations Thread 66" [_thread_blocked, id=15176, stack(0x000000aec1600000,0x000000aec1700000)]
  0x0000025813010800 JavaThread "Unconstrained build operations Thread 67" [_thread_blocked, id=30148, stack(0x000000aec1700000,0x000000aec1800000)]
  0x0000025813011800 JavaThread "Unconstrained build operations Thread 68" [_thread_blocked, id=28764, stack(0x000000aec1800000,0x000000aec1900000)]
  0x0000025813014000 JavaThread "Unconstrained build operations Thread 69" [_thread_blocked, id=29744, stack(0x000000aec1900000,0x000000aec1a00000)]
  0x0000025813014800 JavaThread "Unconstrained build operations Thread 70" [_thread_blocked, id=30380, stack(0x000000aec1a00000,0x000000aec1b00000)]
  0x0000025813012800 JavaThread "Unconstrained build operations Thread 71" [_thread_blocked, id=26704, stack(0x000000aec1b00000,0x000000aec1c00000)]
  0x0000025813015800 JavaThread "Unconstrained build operations Thread 72" [_thread_blocked, id=28788, stack(0x000000aec1c00000,0x000000aec1d00000)]
  0x0000025813010000 JavaThread "Unconstrained build operations Thread 73" [_thread_blocked, id=7732, stack(0x000000aec1d00000,0x000000aec1e00000)]
  0x0000025813016800 JavaThread "Unconstrained build operations Thread 74" [_thread_blocked, id=23256, stack(0x000000aec1e00000,0x000000aec1f00000)]
  0x0000025813017000 JavaThread "Unconstrained build operations Thread 75" [_thread_blocked, id=22912, stack(0x000000aec1f00000,0x000000aec2000000)]
  0x000002580fb91000 JavaThread "Unconstrained build operations Thread 76" [_thread_blocked, id=21788, stack(0x000000aec2000000,0x000000aec2100000)]
  0x000002580fb92800 JavaThread "Unconstrained build operations Thread 77" [_thread_blocked, id=13008, stack(0x000000aec2100000,0x000000aec2200000)]
  0x000002580fb93000 JavaThread "Unconstrained build operations Thread 78" [_thread_blocked, id=26480, stack(0x000000aec2200000,0x000000aec2300000)]
  0x000002580fb95000 JavaThread "Unconstrained build operations Thread 79" [_thread_blocked, id=28236, stack(0x000000aec2300000,0x000000aec2400000)]
  0x000002580fb95800 JavaThread "Unconstrained build operations Thread 80" [_thread_blocked, id=9076, stack(0x000000aec2400000,0x000000aec2500000)]
  0x000002580fb94000 JavaThread "Cache worker for execution history cache (D:\React_projects\gwalior_basket_app\android\.gradle\8.0.1\executionHistory)" [_thread_blocked, id=2024, stack(0x000000aebc600000,0x000000aebc700000)]

Other Threads:
=>0x000002587fa1c800 VMThread "VM Thread" [stack: 0x000000aeb9500000,0x000000aeb9600000] [id=15988]
  0x000002587fd1d800 WatcherThread [stack: 0x000000aeb9f00000,0x000000aeba000000] [id=17276]
  0x00000258709ff000 GCTaskThread "GC Thread#0" [stack: 0x000000aeb9000000,0x000000aeb9100000] [id=30256]
  0x00000258102b6800 GCTaskThread "GC Thread#1" [stack: 0x000000aeba100000,0x000000aeba200000] [id=20016]
  0x0000025810324800 GCTaskThread "GC Thread#2" [stack: 0x000000aeba200000,0x000000aeba300000] [id=27572]
  0x0000025811632000 GCTaskThread "GC Thread#3" [stack: 0x000000aebac00000,0x000000aebad00000] [id=3272]
  0x00000258118bc800 GCTaskThread "GC Thread#4" [stack: 0x000000aebad00000,0x000000aebae00000] [id=27088]
  0x00000258118bd000 GCTaskThread "GC Thread#5" [stack: 0x000000aebae00000,0x000000aebaf00000] [id=15140]
  0x00000258102a4800 GCTaskThread "GC Thread#6" [stack: 0x000000aebaf00000,0x000000aebb000000] [id=26592]
  0x00000258102a5000 GCTaskThread "GC Thread#7" [stack: 0x000000aebb000000,0x000000aebb100000] [id=22892]
  0x0000025870a2f800 ConcurrentGCThread "G1 Main Marker" [stack: 0x000000aeb9100000,0x000000aeb9200000] [id=26664]
  0x0000025870a32000 ConcurrentGCThread "G1 Conc#0" [stack: 0x000000aeb9200000,0x000000aeb9300000] [id=18280]
  0x0000025810fc9000 ConcurrentGCThread "G1 Conc#1" [stack: 0x000000aebb300000,0x000000aebb400000] [id=3712]
  0x0000025870aae800 ConcurrentGCThread "G1 Refine#0" [stack: 0x000000aeb9300000,0x000000aeb9400000] [id=25136]
  0x000002587f886800 ConcurrentGCThread "G1 Young RemSet Sampling" [stack: 0x000000aeb9400000,0x000000aeb9500000] [id=9916]

Threads with active compile tasks:
C2 CompilerThread0   102734 14413       4       jdk.internal.org.objectweb.asm.MethodWriter::visitFieldInsn (256 bytes)

VM state:at safepoint (normal execution)

VM Mutex/Monitor currently owned by a thread:  ([mutex/lock_event])
[0x00000258709e3f40] Threads_lock - owner thread: 0x000002587fa1c800
[0x00000258709e4960] Heap_lock - owner thread: 0x0000025814b49800

Heap address: 0x0000000080000000, size: 2048 MB, Compressed Oops mode: 32-bit
Narrow klass base: 0x0000000000000000, Narrow klass shift: 3
Compressed class space size: 528482304 Address: 0x0000000100000000

Heap:
 garbage-first heap   total 293888K, used 161176K [0x0000000080000000, 0x0000000100000000)
  region size 1024K, 3 young (3072K), 3 survivors (3072K)
 Metaspace       used 120775K, capacity 125223K, committed 125476K, reserved 624640K
  class space    used 16103K, capacity 17825K, committed 17920K, reserved 516096K
Heap Regions: E=young(eden), S=young(survivor), O=old, HS=humongous(starts), HC=humongous(continues), CS=collection set, F=free, A=archive, TAMS=top-at-mark-start (previous, next)
|   0|0x0000000080000000, 0x0000000080100000, 0x0000000080100000|100%|HS|  |TAMS 0x0000000080100000, 0x0000000080000000| Complete 
|   1|0x0000000080100000, 0x0000000080200000, 0x0000000080200000|100%|HC|  |TAMS 0x0000000080200000, 0x0000000080100000| Complete 
|   2|0x0000000080200000, 0x0000000080300000, 0x0000000080300000|100%|HC|  |TAMS 0x0000000080300000, 0x0000000080200000| Complete 
|   3|0x0000000080300000, 0x0000000080400000, 0x0000000080400000|100%|HC|  |TAMS 0x0000000080400000, 0x0000000080300000| Complete 
|   4|0x0000000080400000, 0x0000000080500000, 0x0000000080500000|100%| O|  |TAMS 0x0000000080500000, 0x0000000080400000| Untracked 
|   5|0x0000000080500000, 0x0000000080600000, 0x0000000080600000|100%| O|  |TAMS 0x0000000080600000, 0x0000000080500000| Untracked 
|   6|0x0000000080600000, 0x0000000080700000, 0x0000000080700000|100%| O|  |TAMS 0x0000000080700000, 0x0000000080600000| Untracked 
|   7|0x0000000080700000, 0x0000000080800000, 0x0000000080800000|100%| O|  |TAMS 0x0000000080800000, 0x0000000080700000| Untracked 
|   8|0x0000000080800000, 0x0000000080900000, 0x0000000080900000|100%| O|  |TAMS 0x0000000080900000, 0x0000000080800000| Untracked 
|   9|0x0000000080900000, 0x0000000080a00000, 0x0000000080a00000|100%| O|  |TAMS 0x0000000080a00000, 0x0000000080900000| Untracked 
|  10|0x0000000080a00000, 0x0000000080b00000, 0x0000000080b00000|100%| O|  |TAMS 0x0000000080b00000, 0x0000000080a00000| Untracked 
|  11|0x0000000080b00000, 0x0000000080c00000, 0x0000000080c00000|100%| O|  |TAMS 0x0000000080c00000, 0x0000000080b00000| Untracked 
|  12|0x0000000080c00000, 0x0000000080d00000, 0x0000000080d00000|100%| O|  |TAMS 0x0000000080d00000, 0x0000000080c00000| Untracked 
|  13|0x0000000080d00000, 0x0000000080e00000, 0x0000000080e00000|100%| O|  |TAMS 0x0000000080e00000, 0x0000000080d00000| Untracked 
|  14|0x0000000080e00000, 0x0000000080f00000, 0x0000000080f00000|100%| O|  |TAMS 0x0000000080f00000, 0x0000000080e00000| Untracked 
|  15|0x0000000080f00000, 0x0000000081000000, 0x0000000081000000|100%| O|  |TAMS 0x0000000081000000, 0x0000000080f00000| Untracked 
|  16|0x0000000081000000, 0x0000000081100000, 0x0000000081100000|100%| O|  |TAMS 0x0000000081100000, 0x0000000081000000| Untracked 
|  17|0x0000000081100000, 0x0000000081200000, 0x0000000081200000|100%| O|  |TAMS 0x0000000081200000, 0x0000000081100000| Untracked 
|  18|0x0000000081200000, 0x0000000081300000, 0x0000000081300000|100%| O|  |TAMS 0x0000000081300000, 0x0000000081200000| Untracked 
|  19|0x0000000081300000, 0x0000000081400000, 0x0000000081400000|100%| O|  |TAMS 0x0000000081400000, 0x0000000081300000| Untracked 
|  20|0x0000000081400000, 0x0000000081500000, 0x0000000081500000|100%| O|  |TAMS 0x0000000081500000, 0x0000000081400000| Untracked 
|  21|0x0000000081500000, 0x0000000081600000, 0x0000000081600000|100%| O|  |TAMS 0x0000000081600000, 0x0000000081500000| Untracked 
|  22|0x0000000081600000, 0x0000000081700000, 0x0000000081700000|100%| O|  |TAMS 0x0000000081700000, 0x0000000081600000| Untracked 
|  23|0x0000000081700000, 0x0000000081800000, 0x0000000081800000|100%| O|  |TAMS 0x0000000081800000, 0x0000000081700000| Untracked 
|  24|0x0000000081800000, 0x0000000081900000, 0x0000000081900000|100%| O|  |TAMS 0x0000000081900000, 0x0000000081800000| Untracked 
|  25|0x0000000081900000, 0x0000000081a00000, 0x0000000081a00000|100%| O|  |TAMS 0x0000000081a00000, 0x0000000081900000| Untracked 
|  26|0x0000000081a00000, 0x0000000081b00000, 0x0000000081b00000|100%| O|  |TAMS 0x0000000081b00000, 0x0000000081a00000| Untracked 
|  27|0x0000000081b00000, 0x0000000081c00000, 0x0000000081c00000|100%| O|  |TAMS 0x0000000081c00000, 0x0000000081b00000| Untracked 
|  28|0x0000000081c00000, 0x0000000081d00000, 0x0000000081d00000|100%| O|  |TAMS 0x0000000081d00000, 0x0000000081c00000| Untracked 
|  29|0x0000000081d00000, 0x0000000081e00000, 0x0000000081e00000|100%| O|  |TAMS 0x0000000081e00000, 0x0000000081d00000| Untracked 
|  30|0x0000000081e00000, 0x0000000081f00000, 0x0000000081f00000|100%| O|  |TAMS 0x0000000081f00000, 0x0000000081e00000| Untracked 
|  31|0x0000000081f00000, 0x0000000082000000, 0x0000000082000000|100%|HS|  |TAMS 0x0000000082000000, 0x0000000081f00000| Complete 
|  32|0x0000000082000000, 0x0000000082100000, 0x0000000082100000|100%|HC|  |TAMS 0x0000000082100000, 0x0000000082000000| Complete 
|  33|0x0000000082100000, 0x0000000082200000, 0x0000000082200000|100%|HS|  |TAMS 0x0000000082200000, 0x0000000082100000| Complete 
|  34|0x0000000082200000, 0x0000000082300000, 0x0000000082300000|100%|HC|  |TAMS 0x0000000082300000, 0x0000000082200000| Complete 
|  35|0x0000000082300000, 0x0000000082400000, 0x0000000082400000|100%|HC|  |TAMS 0x0000000082400000, 0x0000000082300000| Complete 
|  36|0x0000000082400000, 0x0000000082500000, 0x0000000082500000|100%|HC|  |TAMS 0x0000000082500000, 0x0000000082400000| Complete 
|  37|0x0000000082500000, 0x0000000082600000, 0x0000000082600000|100%| O|  |TAMS 0x0000000082600000, 0x0000000082500000| Untracked 
|  38|0x0000000082600000, 0x0000000082700000, 0x0000000082700000|100%| O|  |TAMS 0x0000000082700000, 0x0000000082600000| Untracked 
|  39|0x0000000082700000, 0x0000000082800000, 0x0000000082800000|100%| O|  |TAMS 0x0000000082800000, 0x0000000082700000| Untracked 
|  40|0x0000000082800000, 0x0000000082900000, 0x0000000082900000|100%| O|  |TAMS 0x0000000082900000, 0x0000000082800000| Untracked 
|  41|0x0000000082900000, 0x0000000082a00000, 0x0000000082a00000|100%| O|  |TAMS 0x0000000082a00000, 0x0000000082900000| Untracked 
|  42|0x0000000082a00000, 0x0000000082b00000, 0x0000000082b00000|100%| O|  |TAMS 0x0000000082b00000, 0x0000000082a00000| Untracked 
|  43|0x0000000082b00000, 0x0000000082c00000, 0x0000000082c00000|100%| O|  |TAMS 0x0000000082c00000, 0x0000000082b00000| Untracked 
|  44|0x0000000082c00000, 0x0000000082d00000, 0x0000000082d00000|100%| O|  |TAMS 0x0000000082d00000, 0x0000000082c00000| Untracked 
|  45|0x0000000082d00000, 0x0000000082e00000, 0x0000000082e00000|100%| O|  |TAMS 0x0000000082e00000, 0x0000000082d00000| Untracked 
|  46|0x0000000082e00000, 0x0000000082f00000, 0x0000000082f00000|100%| O|  |TAMS 0x0000000082f00000, 0x0000000082e00000| Untracked 
|  47|0x0000000082f00000, 0x0000000083000000, 0x0000000083000000|100%| O|  |TAMS 0x0000000083000000, 0x0000000082f00000| Untracked 
|  48|0x0000000083000000, 0x0000000083100000, 0x0000000083100000|100%| O|  |TAMS 0x0000000083100000, 0x0000000083000000| Untracked 
|  49|0x0000000083100000, 0x0000000083200000, 0x0000000083200000|100%| O|  |TAMS 0x0000000083200000, 0x0000000083100000| Untracked 
|  50|0x0000000083200000, 0x0000000083300000, 0x0000000083300000|100%| O|  |TAMS 0x0000000083300000, 0x0000000083200000| Untracked 
|  51|0x0000000083300000, 0x0000000083400000, 0x0000000083400000|100%| O|  |TAMS 0x0000000083400000, 0x0000000083300000| Untracked 
|  52|0x0000000083400000, 0x0000000083500000, 0x0000000083500000|100%| O|  |TAMS 0x0000000083500000, 0x0000000083400000| Untracked 
|  53|0x0000000083500000, 0x0000000083600000, 0x0000000083600000|100%|HS|  |TAMS 0x0000000083600000, 0x0000000083500000| Complete 
|  54|0x0000000083600000, 0x0000000083700000, 0x0000000083700000|100%|HS|  |TAMS 0x0000000083700000, 0x0000000083600000| Complete 
|  55|0x0000000083700000, 0x0000000083800000, 0x0000000083800000|100%| O|  |TAMS 0x0000000083800000, 0x0000000083700000| Untracked 
|  56|0x0000000083800000, 0x0000000083900000, 0x0000000083900000|100%| O|  |TAMS 0x0000000083900000, 0x0000000083800000| Untracked 
|  57|0x0000000083900000, 0x0000000083a00000, 0x0000000083a00000|100%| O|  |TAMS 0x0000000083a00000, 0x0000000083900000| Untracked 
|  58|0x0000000083a00000, 0x0000000083b00000, 0x0000000083b00000|100%| O|  |TAMS 0x0000000083b00000, 0x0000000083a00000| Untracked 
|  59|0x0000000083b00000, 0x0000000083c00000, 0x0000000083c00000|100%| O|  |TAMS 0x0000000083c00000, 0x0000000083b00000| Untracked 
|  60|0x0000000083c00000, 0x0000000083d00000, 0x0000000083d00000|100%| O|  |TAMS 0x0000000083d00000, 0x0000000083c00000| Untracked 
|  61|0x0000000083d00000, 0x0000000083e00000, 0x0000000083e00000|100%| O|  |TAMS 0x0000000083e00000, 0x0000000083d00000| Untracked 
|  62|0x0000000083e00000, 0x0000000083f00000, 0x0000000083f00000|100%| O|  |TAMS 0x0000000083f00000, 0x0000000083e00000| Untracked 
|  63|0x0000000083f00000, 0x0000000084000000, 0x0000000084000000|100%| O|  |TAMS 0x0000000084000000, 0x0000000083f00000| Untracked 
|  64|0x0000000084000000, 0x0000000084100000, 0x0000000084100000|100%| O|  |TAMS 0x000000008401fe00, 0x0000000084000000| Untracked 
|  65|0x0000000084100000, 0x0000000084200000, 0x0000000084200000|100%| O|  |TAMS 0x0000000084200000, 0x0000000084100000| Untracked 
|  66|0x0000000084200000, 0x0000000084300000, 0x0000000084300000|100%| O|  |TAMS 0x0000000084300000, 0x0000000084200000| Untracked 
|  67|0x0000000084300000, 0x0000000084400000, 0x0000000084400000|100%| O|  |TAMS 0x0000000084400000, 0x0000000084300000| Untracked 
|  68|0x0000000084400000, 0x0000000084500000, 0x0000000084500000|100%| O|  |TAMS 0x0000000084500000, 0x0000000084400000| Untracked 
|  69|0x0000000084500000, 0x0000000084600000, 0x0000000084600000|100%| O|  |TAMS 0x0000000084600000, 0x0000000084500000| Untracked 
|  70|0x0000000084600000, 0x0000000084700000, 0x0000000084700000|100%| O|  |TAMS 0x0000000084700000, 0x0000000084600000| Untracked 
|  71|0x0000000084700000, 0x0000000084800000, 0x0000000084800000|100%| O|  |TAMS 0x0000000084800000, 0x0000000084700000| Untracked 
|  72|0x0000000084800000, 0x0000000084900000, 0x0000000084900000|100%| O|  |TAMS 0x0000000084900000, 0x0000000084800000| Untracked 
|  73|0x0000000084900000, 0x0000000084a00000, 0x0000000084a00000|100%| O|  |TAMS 0x0000000084a00000, 0x0000000084900000| Untracked 
|  74|0x0000000084a00000, 0x0000000084b00000, 0x0000000084b00000|100%| O|  |TAMS 0x0000000084b00000, 0x0000000084a00000| Untracked 
|  75|0x0000000084b00000, 0x0000000084c00000, 0x0000000084c00000|100%| O|  |TAMS 0x0000000084c00000, 0x0000000084b00000| Untracked 
|  76|0x0000000084c00000, 0x0000000084d00000, 0x0000000084d00000|100%| O|  |TAMS 0x0000000084d00000, 0x0000000084c00000| Untracked 
|  77|0x0000000084d00000, 0x0000000084e00000, 0x0000000084e00000|100%| O|  |TAMS 0x0000000084e00000, 0x0000000084d00000| Untracked 
|  78|0x0000000084e00000, 0x0000000084f00000, 0x0000000084f00000|100%| O|  |TAMS 0x0000000084f00000, 0x0000000084e00000| Untracked 
|  79|0x0000000084f00000, 0x0000000085000000, 0x0000000085000000|100%| O|  |TAMS 0x0000000085000000, 0x0000000084f00000| Untracked 
|  80|0x0000000085000000, 0x0000000085100000, 0x0000000085100000|100%| O|  |TAMS 0x0000000085100000, 0x0000000085000000| Untracked 
|  81|0x0000000085100000, 0x0000000085200000, 0x0000000085200000|100%| O|  |TAMS 0x0000000085100000, 0x0000000085100000| Untracked 
|  82|0x0000000085200000, 0x0000000085300000, 0x0000000085300000|100%| O|  |TAMS 0x0000000085200000, 0x0000000085200000| Untracked 
|  83|0x0000000085300000, 0x0000000085400000, 0x0000000085400000|100%| O|  |TAMS 0x0000000085300000, 0x0000000085300000| Untracked 
|  84|0x0000000085400000, 0x0000000085500000, 0x0000000085500000|100%| O|  |TAMS 0x0000000085500000, 0x0000000085400000| Untracked 
|  85|0x0000000085500000, 0x0000000085600000, 0x0000000085600000|100%| O|  |TAMS 0x0000000085600000, 0x0000000085500000| Untracked 
|  86|0x0000000085600000, 0x0000000085700000, 0x0000000085700000|100%| O|  |TAMS 0x0000000085700000, 0x0000000085600000| Untracked 
|  87|0x0000000085700000, 0x0000000085800000, 0x0000000085800000|100%| O|  |TAMS 0x0000000085700000, 0x0000000085700000| Untracked 
|  88|0x0000000085800000, 0x0000000085900000, 0x0000000085900000|100%| O|  |TAMS 0x0000000085900000, 0x0000000085800000| Untracked 
|  89|0x0000000085900000, 0x0000000085a00000, 0x0000000085a00000|100%| O|  |TAMS 0x0000000085a00000, 0x0000000085900000| Untracked 
|  90|0x0000000085a00000, 0x0000000085b00000, 0x0000000085b00000|100%| O|  |TAMS 0x0000000085b00000, 0x0000000085a00000| Untracked 
|  91|0x0000000085b00000, 0x0000000085c00000, 0x0000000085c00000|100%| O|  |TAMS 0x0000000085b00000, 0x0000000085b00000| Untracked 
|  92|0x0000000085c00000, 0x0000000085d00000, 0x0000000085d00000|100%| O|  |TAMS 0x0000000085c00000, 0x0000000085c00000| Untracked 
|  93|0x0000000085d00000, 0x0000000085e00000, 0x0000000085e00000|100%| O|  |TAMS 0x0000000085e00000, 0x0000000085d00000| Untracked 
|  94|0x0000000085e00000, 0x0000000085f00000, 0x0000000085f00000|100%| O|  |TAMS 0x0000000085f00000, 0x0000000085e00000| Untracked 
|  95|0x0000000085f00000, 0x0000000086000000, 0x0000000086000000|100%| O|  |TAMS 0x0000000086000000, 0x0000000085f00000| Untracked 
|  96|0x0000000086000000, 0x0000000086100000, 0x0000000086100000|100%| O|  |TAMS 0x0000000086100000, 0x0000000086000000| Untracked 
|  97|0x0000000086100000, 0x0000000086200000, 0x0000000086200000|100%| O|  |TAMS 0x0000000086200000, 0x0000000086100000| Untracked 
|  98|0x0000000086200000, 0x0000000086300000, 0x0000000086300000|100%| O|  |TAMS 0x0000000086300000, 0x0000000086200000| Untracked 
|  99|0x0000000086300000, 0x0000000086400000, 0x0000000086400000|100%| O|  |TAMS 0x0000000086400000, 0x0000000086300000| Untracked 
| 100|0x0000000086400000, 0x0000000086500000, 0x0000000086500000|100%| O|  |TAMS 0x0000000086500000, 0x0000000086400000| Untracked 
| 101|0x0000000086500000, 0x0000000086600000, 0x0000000086600000|100%| O|  |TAMS 0x0000000086600000, 0x0000000086500000| Untracked 
| 102|0x0000000086600000, 0x0000000086700000, 0x0000000086700000|100%| O|  |TAMS 0x0000000086700000, 0x0000000086600000| Untracked 
| 103|0x0000000086700000, 0x0000000086800000, 0x0000000086800000|100%|HS|  |TAMS 0x0000000086800000, 0x0000000086700000| Complete 
| 104|0x0000000086800000, 0x0000000086900000, 0x0000000086900000|100%|HC|  |TAMS 0x0000000086900000, 0x0000000086800000| Complete 
| 105|0x0000000086900000, 0x0000000086a00000, 0x0000000086a00000|100%|HS|  |TAMS 0x0000000086a00000, 0x0000000086900000| Complete 
| 106|0x0000000086a00000, 0x0000000086b00000, 0x0000000086b00000|100%|HC|  |TAMS 0x0000000086b00000, 0x0000000086a00000| Complete 
| 107|0x0000000086b00000, 0x0000000086c00000, 0x0000000086c00000|100%|HC|  |TAMS 0x0000000086c00000, 0x0000000086b00000| Complete 
| 108|0x0000000086c00000, 0x0000000086d00000, 0x0000000086d00000|100%|HC|  |TAMS 0x0000000086d00000, 0x0000000086c00000| Complete 
| 109|0x0000000086d00000, 0x0000000086e00000, 0x0000000086e00000|100%| O|  |TAMS 0x0000000086e00000, 0x0000000086d00000| Untracked 
| 110|0x0000000086e00000, 0x0000000086f00000, 0x0000000086f00000|100%| O|  |TAMS 0x0000000086f00000, 0x0000000086e00000| Untracked 
| 111|0x0000000086f00000, 0x0000000087000000, 0x0000000087000000|100%| O|  |TAMS 0x0000000087000000, 0x0000000086f00000| Untracked 
| 112|0x0000000087000000, 0x0000000087100000, 0x0000000087100000|100%| O|  |TAMS 0x0000000087100000, 0x0000000087000000| Untracked 
| 113|0x0000000087100000, 0x0000000087200000, 0x0000000087200000|100%| O|  |TAMS 0x0000000087200000, 0x0000000087100000| Untracked 
| 114|0x0000000087200000, 0x0000000087300000, 0x0000000087300000|100%| O|  |TAMS 0x0000000087300000, 0x0000000087200000| Untracked 
| 115|0x0000000087300000, 0x0000000087400000, 0x0000000087400000|100%| O|  |TAMS 0x0000000087400000, 0x0000000087300000| Untracked 
| 116|0x0000000087400000, 0x0000000087500000, 0x0000000087500000|100%| O|  |TAMS 0x0000000087500000, 0x0000000087400000| Untracked 
| 117|0x0000000087500000, 0x0000000087600000, 0x0000000087600000|100%| O|  |TAMS 0x0000000087600000, 0x0000000087500000| Untracked 
| 118|0x0000000087600000, 0x0000000087700000, 0x0000000087700000|100%| O|  |TAMS 0x0000000087700000, 0x0000000087600000| Untracked 
| 119|0x0000000087700000, 0x0000000087800000, 0x0000000087800000|100%| O|  |TAMS 0x0000000087700000, 0x0000000087700000| Untracked 
| 120|0x0000000087800000, 0x0000000087900000, 0x0000000087900000|100%|HS|  |TAMS 0x0000000087900000, 0x0000000087800000| Complete 
| 121|0x0000000087900000, 0x0000000087a00000, 0x0000000087a00000|100%|HS|  |TAMS 0x0000000087a00000, 0x0000000087900000| Complete 
| 122|0x0000000087a00000, 0x0000000087b00000, 0x0000000087b00000|100%|HS|  |TAMS 0x0000000087b00000, 0x0000000087a00000| Complete 
| 123|0x0000000087b00000, 0x0000000087c00000, 0x0000000087c00000|100%|HS|  |TAMS 0x0000000087c00000, 0x0000000087b00000| Complete 
| 124|0x0000000087c00000, 0x0000000087d00000, 0x0000000087d00000|100%|HC|  |TAMS 0x0000000087d00000, 0x0000000087c00000| Complete 
| 125|0x0000000087d00000, 0x0000000087e00000, 0x0000000087e00000|100%|HC|  |TAMS 0x0000000087e00000, 0x0000000087d00000| Complete 
| 126|0x0000000087e00000, 0x0000000087f00000, 0x0000000087f00000|100%| O|  |TAMS 0x0000000087f00000, 0x0000000087e00000| Untracked 
| 127|0x0000000087f00000, 0x0000000088000000, 0x0000000088000000|100%| O|  |TAMS 0x0000000088000000, 0x0000000087f00000| Untracked 
| 128|0x0000000088000000, 0x0000000088100000, 0x0000000088100000|100%| O|  |TAMS 0x0000000088100000, 0x0000000088000000| Untracked 
| 129|0x0000000088100000, 0x0000000088200000, 0x0000000088200000|100%| O|  |TAMS 0x0000000088200000, 0x0000000088100000| Untracked 
| 130|0x0000000088200000, 0x0000000088300000, 0x0000000088300000|100%|HS|  |TAMS 0x0000000088300000, 0x0000000088200000| Complete 
| 131|0x0000000088300000, 0x0000000088400000, 0x0000000088400000|100%|HC|  |TAMS 0x0000000088400000, 0x0000000088300000| Complete 
| 132|0x0000000088400000, 0x0000000088500000, 0x0000000088500000|100%| O|  |TAMS 0x0000000088500000, 0x0000000088400000| Untracked 
| 133|0x0000000088500000, 0x0000000088600000, 0x0000000088600000|100%| O|  |TAMS 0x0000000088600000, 0x0000000088500000| Untracked 
| 134|0x0000000088600000, 0x0000000088700000, 0x0000000088700000|100%| O|  |TAMS 0x0000000088700000, 0x0000000088600000| Untracked 
| 135|0x0000000088700000, 0x0000000088800000, 0x0000000088800000|100%| O|  |TAMS 0x0000000088800000, 0x0000000088700000| Untracked 
| 136|0x0000000088800000, 0x0000000088900000, 0x0000000088900000|100%| O|  |TAMS 0x0000000088900000, 0x0000000088800000| Untracked 
| 137|0x0000000088900000, 0x0000000088a00000, 0x0000000088a00000|100%| O|  |TAMS 0x0000000088a00000, 0x0000000088900000| Untracked 
| 138|0x0000000088a00000, 0x0000000088b00000, 0x0000000088b00000|100%| O|  |TAMS 0x0000000088b00000, 0x0000000088a00000| Untracked 
| 139|0x0000000088b00000, 0x0000000088c00000, 0x0000000088c00000|100%| O|  |TAMS 0x0000000088c00000, 0x0000000088b00000| Untracked 
| 140|0x0000000088c00000, 0x0000000088d00000, 0x0000000088d00000|100%| O|  |TAMS 0x0000000088d00000, 0x0000000088c00000| Untracked 
| 141|0x0000000088d00000, 0x0000000088e00000, 0x0000000088e00000|100%| O|  |TAMS 0x0000000088d00000, 0x0000000088d00000| Untracked 
| 142|0x0000000088e00000, 0x0000000088f00000, 0x0000000088f00000|100%|HS|  |TAMS 0x0000000088e00000, 0x0000000088e00000| Complete 
| 143|0x0000000088f00000, 0x0000000089000000, 0x0000000089000000|100%| O|  |TAMS 0x0000000088f00000, 0x0000000088f00000| Untracked 
| 144|0x0000000089000000, 0x0000000089100000, 0x0000000089100000|100%| O|  |TAMS 0x0000000089000000, 0x0000000089000000| Untracked 
| 145|0x0000000089100000, 0x0000000089200000, 0x0000000089200000|100%| O|  |TAMS 0x0000000089100000, 0x0000000089100000| Untracked 
| 146|0x0000000089200000, 0x0000000089300000, 0x0000000089300000|100%| O|  |TAMS 0x0000000089200000, 0x0000000089200000| Untracked 
| 147|0x0000000089300000, 0x0000000089400000, 0x0000000089400000|100%| O|  |TAMS 0x0000000089300000, 0x0000000089300000| Untracked 
| 148|0x0000000089400000, 0x0000000089500000, 0x0000000089500000|100%| O|  |TAMS 0x0000000089400000, 0x0000000089400000| Untracked 
| 149|0x0000000089500000, 0x0000000089600000, 0x0000000089600000|100%| O|  |TAMS 0x0000000089500000, 0x0000000089500000| Untracked 
| 150|0x0000000089600000, 0x0000000089700000, 0x0000000089700000|100%| O|  |TAMS 0x0000000089600000, 0x0000000089600000| Untracked 
| 151|0x0000000089700000, 0x0000000089800000, 0x0000000089800000|100%| O|  |TAMS 0x0000000089700000, 0x0000000089700000| Untracked 
| 152|0x0000000089800000, 0x0000000089900000, 0x0000000089900000|100%| O|  |TAMS 0x0000000089800000, 0x0000000089800000| Untracked 
| 153|0x0000000089900000, 0x0000000089a00000, 0x0000000089a00000|100%| O|  |TAMS 0x0000000089900000, 0x0000000089900000| Untracked 
| 154|0x0000000089a00000, 0x0000000089ad3200, 0x0000000089b00000| 82%| O|  |TAMS 0x0000000089a00000, 0x0000000089a00000| Untracked 
| 155|0x0000000089b00000, 0x0000000089b00000, 0x0000000089c00000|  0%| F|  |TAMS 0x0000000089b00000, 0x0000000089b00000| Untracked 
| 156|0x0000000089c00000, 0x0000000089c00000, 0x0000000089d00000|  0%| F|  |TAMS 0x0000000089c00000, 0x0000000089c00000| Untracked 
| 157|0x0000000089d00000, 0x0000000089d00000, 0x0000000089e00000|  0%| F|  |TAMS 0x0000000089d00000, 0x0000000089d00000| Untracked 
| 158|0x0000000089e00000, 0x0000000089e00000, 0x0000000089f00000|  0%| F|  |TAMS 0x0000000089e00000, 0x0000000089e00000| Untracked 
| 159|0x0000000089f00000, 0x0000000089f00000, 0x000000008a000000|  0%| F|  |TAMS 0x0000000089f00000, 0x0000000089f00000| Untracked 
| 160|0x000000008a000000, 0x000000008a000000, 0x000000008a100000|  0%| F|  |TAMS 0x000000008a000000, 0x000000008a000000| Untracked 
| 161|0x000000008a100000, 0x000000008a100000, 0x000000008a200000|  0%| F|  |TAMS 0x000000008a100000, 0x000000008a100000| Untracked 
| 162|0x000000008a200000, 0x000000008a200000, 0x000000008a300000|  0%| F|  |TAMS 0x000000008a200000, 0x000000008a200000| Untracked 
| 163|0x000000008a300000, 0x000000008a300000, 0x000000008a400000|  0%| F|  |TAMS 0x000000008a300000, 0x000000008a300000| Untracked 
| 164|0x000000008a400000, 0x000000008a400000, 0x000000008a500000|  0%| F|  |TAMS 0x000000008a400000, 0x000000008a400000| Untracked 
| 165|0x000000008a500000, 0x000000008a500000, 0x000000008a600000|  0%| F|  |TAMS 0x000000008a500000, 0x000000008a500000| Untracked 
| 166|0x000000008a600000, 0x000000008a600000, 0x000000008a700000|  0%| F|  |TAMS 0x000000008a600000, 0x000000008a600000| Untracked 
| 167|0x000000008a700000, 0x000000008a700000, 0x000000008a800000|  0%| F|  |TAMS 0x000000008a700000, 0x000000008a700000| Untracked 
| 168|0x000000008a800000, 0x000000008a800000, 0x000000008a900000|  0%| F|  |TAMS 0x000000008a800000, 0x000000008a800000| Untracked 
| 169|0x000000008a900000, 0x000000008a900000, 0x000000008aa00000|  0%| F|  |TAMS 0x000000008a900000, 0x000000008a900000| Untracked 
| 170|0x000000008aa00000, 0x000000008aa00000, 0x000000008ab00000|  0%| F|  |TAMS 0x000000008aa00000, 0x000000008aa00000| Untracked 
| 171|0x000000008ab00000, 0x000000008ab00000, 0x000000008ac00000|  0%| F|  |TAMS 0x000000008ab00000, 0x000000008ab00000| Untracked 
| 172|0x000000008ac00000, 0x000000008ac00000, 0x000000008ad00000|  0%| F|  |TAMS 0x000000008ac00000, 0x000000008ac00000| Untracked 
| 173|0x000000008ad00000, 0x000000008ad00000, 0x000000008ae00000|  0%| F|  |TAMS 0x000000008ad00000, 0x000000008ad00000| Untracked 
| 174|0x000000008ae00000, 0x000000008ae00000, 0x000000008af00000|  0%| F|  |TAMS 0x000000008ae00000, 0x000000008ae00000| Untracked 
| 175|0x000000008af00000, 0x000000008af00000, 0x000000008b000000|  0%| F|  |TAMS 0x000000008af00000, 0x000000008af00000| Untracked 
| 176|0x000000008b000000, 0x000000008b000000, 0x000000008b100000|  0%| F|  |TAMS 0x000000008b000000, 0x000000008b000000| Untracked 
| 177|0x000000008b100000, 0x000000008b100000, 0x000000008b200000|  0%| F|  |TAMS 0x000000008b100000, 0x000000008b100000| Untracked 
| 178|0x000000008b200000, 0x000000008b200000, 0x000000008b300000|  0%| F|  |TAMS 0x000000008b200000, 0x000000008b200000| Untracked 
| 179|0x000000008b300000, 0x000000008b300000, 0x000000008b400000|  0%| F|  |TAMS 0x000000008b300000, 0x000000008b300000| Untracked 
| 180|0x000000008b400000, 0x000000008b400000, 0x000000008b500000|  0%| F|  |TAMS 0x000000008b400000, 0x000000008b400000| Untracked 
| 181|0x000000008b500000, 0x000000008b500000, 0x000000008b600000|  0%| F|  |TAMS 0x000000008b500000, 0x000000008b500000| Untracked 
| 182|0x000000008b600000, 0x000000008b600000, 0x000000008b700000|  0%| F|  |TAMS 0x000000008b600000, 0x000000008b600000| Untracked 
| 183|0x000000008b700000, 0x000000008b700000, 0x000000008b800000|  0%| F|  |TAMS 0x000000008b700000, 0x000000008b700000| Untracked 
| 184|0x000000008b800000, 0x000000008b800000, 0x000000008b900000|  0%| F|  |TAMS 0x000000008b800000, 0x000000008b800000| Untracked 
| 185|0x000000008b900000, 0x000000008b900000, 0x000000008ba00000|  0%| F|  |TAMS 0x000000008b900000, 0x000000008b900000| Untracked 
| 186|0x000000008ba00000, 0x000000008ba00000, 0x000000008bb00000|  0%| F|  |TAMS 0x000000008ba00000, 0x000000008ba00000| Untracked 
| 187|0x000000008bb00000, 0x000000008bb00000, 0x000000008bc00000|  0%| F|  |TAMS 0x000000008bb00000, 0x000000008bb00000| Untracked 
| 188|0x000000008bc00000, 0x000000008bc00000, 0x000000008bd00000|  0%| F|  |TAMS 0x000000008bc00000, 0x000000008bc00000| Untracked 
| 189|0x000000008bd00000, 0x000000008bd00000, 0x000000008be00000|  0%| F|  |TAMS 0x000000008bd00000, 0x000000008bd00000| Untracked 
| 190|0x000000008be00000, 0x000000008be00000, 0x000000008bf00000|  0%| F|  |TAMS 0x000000008be00000, 0x000000008be00000| Untracked 
| 191|0x000000008bf00000, 0x000000008bf00000, 0x000000008c000000|  0%| F|  |TAMS 0x000000008bf00000, 0x000000008bf00000| Untracked 
| 192|0x000000008c000000, 0x000000008c000000, 0x000000008c100000|  0%| F|  |TAMS 0x000000008c000000, 0x000000008c000000| Untracked 
| 193|0x000000008c100000, 0x000000008c100000, 0x000000008c200000|  0%| F|  |TAMS 0x000000008c100000, 0x000000008c100000| Untracked 
| 194|0x000000008c200000, 0x000000008c200000, 0x000000008c300000|  0%| F|  |TAMS 0x000000008c200000, 0x000000008c200000| Untracked 
| 195|0x000000008c300000, 0x000000008c300000, 0x000000008c400000|  0%| F|  |TAMS 0x000000008c300000, 0x000000008c300000| Untracked 
| 196|0x000000008c400000, 0x000000008c400000, 0x000000008c500000|  0%| F|  |TAMS 0x000000008c400000, 0x000000008c400000| Untracked 
| 197|0x000000008c500000, 0x000000008c500000, 0x000000008c600000|  0%| F|  |TAMS 0x000000008c500000, 0x000000008c500000| Untracked 
| 198|0x000000008c600000, 0x000000008c600000, 0x000000008c700000|  0%| F|  |TAMS 0x000000008c600000, 0x000000008c600000| Untracked 
| 199|0x000000008c700000, 0x000000008c700000, 0x000000008c800000|  0%| F|  |TAMS 0x000000008c700000, 0x000000008c700000| Untracked 
| 200|0x000000008c800000, 0x000000008c800000, 0x000000008c900000|  0%| F|  |TAMS 0x000000008c800000, 0x000000008c800000| Untracked 
| 201|0x000000008c900000, 0x000000008c900000, 0x000000008ca00000|  0%| F|  |TAMS 0x000000008c900000, 0x000000008c900000| Untracked 
| 202|0x000000008ca00000, 0x000000008ca00000, 0x000000008cb00000|  0%| F|  |TAMS 0x000000008ca00000, 0x000000008ca00000| Untracked 
| 203|0x000000008cb00000, 0x000000008cb00000, 0x000000008cc00000|  0%| F|  |TAMS 0x000000008cb00000, 0x000000008cb00000| Untracked 
| 204|0x000000008cc00000, 0x000000008cc92f60, 0x000000008cd00000| 57%| S|CS|TAMS 0x000000008cc00000, 0x000000008cc00000| Complete 
| 205|0x000000008cd00000, 0x000000008ce00000, 0x000000008ce00000|100%| S|CS|TAMS 0x000000008cd00000, 0x000000008cd00000| Complete 
| 206|0x000000008ce00000, 0x000000008cf00000, 0x000000008cf00000|100%| S|CS|TAMS 0x000000008ce00000, 0x000000008ce00000| Complete 
| 207|0x000000008cf00000, 0x000000008cf00000, 0x000000008d000000|  0%| F|  |TAMS 0x000000008cf00000, 0x000000008cf00000| Untracked 
| 208|0x000000008d000000, 0x000000008d000000, 0x000000008d100000|  0%| F|  |TAMS 0x000000008d000000, 0x000000008d000000| Untracked 
| 209|0x000000008d100000, 0x000000008d100000, 0x000000008d200000|  0%| F|  |TAMS 0x000000008d100000, 0x000000008d100000| Untracked 
| 210|0x000000008d200000, 0x000000008d200000, 0x000000008d300000|  0%| F|  |TAMS 0x000000008d200000, 0x000000008d200000| Untracked 
| 211|0x000000008d300000, 0x000000008d300000, 0x000000008d400000|  0%| F|  |TAMS 0x000000008d300000, 0x000000008d300000| Untracked 
| 212|0x000000008d400000, 0x000000008d400000, 0x000000008d500000|  0%| F|  |TAMS 0x000000008d400000, 0x000000008d400000| Untracked 
| 213|0x000000008d500000, 0x000000008d500000, 0x000000008d600000|  0%| F|  |TAMS 0x000000008d500000, 0x000000008d500000| Untracked 
| 214|0x000000008d600000, 0x000000008d600000, 0x000000008d700000|  0%| F|  |TAMS 0x000000008d600000, 0x000000008d600000| Untracked 
| 215|0x000000008d700000, 0x000000008d700000, 0x000000008d800000|  0%| F|  |TAMS 0x000000008d700000, 0x000000008d700000| Untracked 
| 216|0x000000008d800000, 0x000000008d800000, 0x000000008d900000|  0%| F|  |TAMS 0x000000008d800000, 0x000000008d800000| Untracked 
| 217|0x000000008d900000, 0x000000008d900000, 0x000000008da00000|  0%| F|  |TAMS 0x000000008d900000, 0x000000008d900000| Untracked 
| 218|0x000000008da00000, 0x000000008da00000, 0x000000008db00000|  0%| F|  |TAMS 0x000000008da00000, 0x000000008da00000| Untracked 
| 219|0x000000008db00000, 0x000000008db00000, 0x000000008dc00000|  0%| F|  |TAMS 0x000000008db00000, 0x000000008db00000| Untracked 
| 220|0x000000008dc00000, 0x000000008dc00000, 0x000000008dd00000|  0%| F|  |TAMS 0x000000008dc00000, 0x000000008dc00000| Untracked 
| 221|0x000000008dd00000, 0x000000008dd00000, 0x000000008de00000|  0%| F|  |TAMS 0x000000008dd00000, 0x000000008dd00000| Untracked 
| 222|0x000000008de00000, 0x000000008de00000, 0x000000008df00000|  0%| F|  |TAMS 0x000000008de00000, 0x000000008de00000| Untracked 
| 223|0x000000008df00000, 0x000000008df00000, 0x000000008e000000|  0%| F|  |TAMS 0x000000008df00000, 0x000000008df00000| Untracked 
| 224|0x000000008e000000, 0x000000008e000000, 0x000000008e100000|  0%| F|  |TAMS 0x000000008e000000, 0x000000008e000000| Untracked 
| 225|0x000000008e100000, 0x000000008e100000, 0x000000008e200000|  0%| F|  |TAMS 0x000000008e100000, 0x000000008e100000| Untracked 
| 226|0x000000008e200000, 0x000000008e200000, 0x000000008e300000|  0%| F|  |TAMS 0x000000008e200000, 0x000000008e200000| Untracked 
| 227|0x000000008e300000, 0x000000008e300000, 0x000000008e400000|  0%| F|  |TAMS 0x000000008e300000, 0x000000008e300000| Untracked 
| 228|0x000000008e400000, 0x000000008e400000, 0x000000008e500000|  0%| F|  |TAMS 0x000000008e400000, 0x000000008e400000| Untracked 
| 229|0x000000008e500000, 0x000000008e500000, 0x000000008e600000|  0%| F|  |TAMS 0x000000008e500000, 0x000000008e500000| Untracked 
| 230|0x000000008e600000, 0x000000008e600000, 0x000000008e700000|  0%| F|  |TAMS 0x000000008e600000, 0x000000008e600000| Untracked 
| 231|0x000000008e700000, 0x000000008e700000, 0x000000008e800000|  0%| F|  |TAMS 0x000000008e700000, 0x000000008e700000| Untracked 
| 232|0x000000008e800000, 0x000000008e800000, 0x000000008e900000|  0%| F|  |TAMS 0x000000008e800000, 0x000000008e800000| Untracked 
| 233|0x000000008e900000, 0x000000008e900000, 0x000000008ea00000|  0%| F|  |TAMS 0x000000008e900000, 0x000000008e900000| Untracked 
| 234|0x000000008ea00000, 0x000000008ea00000, 0x000000008eb00000|  0%| F|  |TAMS 0x000000008ea00000, 0x000000008ea00000| Untracked 
| 235|0x000000008eb00000, 0x000000008eb00000, 0x000000008ec00000|  0%| F|  |TAMS 0x000000008eb00000, 0x000000008eb00000| Untracked 
| 236|0x000000008ec00000, 0x000000008ec00000, 0x000000008ed00000|  0%| F|  |TAMS 0x000000008ec00000, 0x000000008ec00000| Untracked 
| 237|0x000000008ed00000, 0x000000008ed00000, 0x000000008ee00000|  0%| F|  |TAMS 0x000000008ed00000, 0x000000008ed00000| Untracked 
| 238|0x000000008ee00000, 0x000000008ee00000, 0x000000008ef00000|  0%| F|  |TAMS 0x000000008ee00000, 0x000000008ee00000| Untracked 

Card table byte_map: [0x00000258787e0000,0x0000025878be0000] _byte_map_base: 0x00000258783e0000

Marking Bits (Prev, Next): (CMBitMap*) 0x0000025870a26870, (CMBitMap*) 0x0000025870a26838
 Prev Bits: [0x000002587afe0000, 0x000002587cfe0000)
 Next Bits: [0x0000025878fe0000, 0x000002587afe0000)

Polling page: 0x000002586e9f0000

Metaspace:

Usage:
  Non-class:    104.88 MB capacity,   102.22 MB ( 97%) used,     2.29 MB (  2%) free+waste,   384.81 KB ( <1%) overhead. 
      Class:     17.41 MB capacity,    15.73 MB ( 90%) used,     1.50 MB (  9%) free+waste,   182.12 KB (  1%) overhead. 
       Both:    122.29 MB capacity,   117.94 MB ( 96%) used,     3.79 MB (  3%) free+waste,   566.94 KB ( <1%) overhead. 

Virtual space:
  Non-class space:      106.00 MB reserved,     105.04 MB (>99%) committed 
      Class space:      504.00 MB reserved,      17.50 MB (  3%) committed 
             Both:      610.00 MB reserved,     122.54 MB ( 20%) committed 

Chunk freelists:
   Non-Class:  3.75 KB
       Class:  0 bytes
        Both:  3.75 KB

CodeHeap 'non-profiled nmethods': size=120000Kb used=8827Kb max_used=8827Kb free=111172Kb
 bounds [0x0000025807ad0000, 0x0000025808370000, 0x000002580f000000]
CodeHeap 'profiled nmethods': size=120000Kb used=30706Kb max_used=30706Kb free=89293Kb
 bounds [0x00000258005a0000, 0x00000258023b0000, 0x0000025807ad0000]
CodeHeap 'non-nmethods': size=5760Kb used=2333Kb max_used=2401Kb free=3426Kb
 bounds [0x0000025800000000, 0x0000025800270000, 0x00000258005a0000]
 total_blobs=14542 nmethods=13583 adapters=870
 compilation: enabled
              stopped_count=0, restarted_count=0
 full_count=0

Compilation events (10 events):
Event: 102.690 Thread 0x000002587fa40000 14420       1       org.gradle.api.internal.provider.Providers$NoValueProvider::calculatePresence (2 bytes)
Event: 102.691 Thread 0x000002587fa40000 nmethod 14420 0x000002580836eb10 code [0x000002580836eca0, 0x000002580836ed58]
Event: 102.698 Thread 0x000002587fa40000 14421       3       com.google.common.base.Joiner::join (11 bytes)
Event: 102.698 Thread 0x000002587fa40000 nmethod 14421 0x00000258023a2f90 code [0x00000258023a31a0, 0x00000258023a3728]
Event: 102.698 Thread 0x000002587fa40000 14422       3       com.google.common.base.Joiner::join (16 bytes)
Event: 102.699 Thread 0x000002587fa40000 nmethod 14422 0x00000258023a3990 code [0x00000258023a3bc0, 0x00000258023a4408]
Event: 102.704 Thread 0x000002587fa40000 14423       3       org.gradle.api.internal.artifacts.configurations.DefaultConfiguration$ArtifactViewConfiguration_Decorated::lenient (12 bytes)
Event: 102.704 Thread 0x000002587fa40000 nmethod 14423 0x00000258023a4710 code [0x00000258023a48c0, 0x00000258023a4b18]
Event: 102.704 Thread 0x000002587fa40000 14424       3       org.gradle.api.internal.artifacts.configurations.DefaultConfiguration$ArtifactViewConfiguration::lenient (6 bytes)
Event: 102.704 Thread 0x000002587fa40000 nmethod 14424 0x00000258023a4c10 code [0x00000258023a4dc0, 0x00000258023a4f68]

GC Heap History (10 events):
Event: 101.417 GC heap after
{Heap after GC invocations=76 (full 0):
 garbage-first heap   total 187392K, used 145400K [0x0000000080000000, 0x0000000100000000)
  region size 1024K, 1 young (1024K), 1 survivors (1024K)
 Metaspace       used 115013K, capacity 119144K, committed 119332K, reserved 620544K
  class space    used 15271K, capacity 16836K, committed 16896K, reserved 516096K
}
Event: 101.562 GC heap before
{Heap before GC invocations=76 (full 0):
 garbage-first heap   total 187392K, used 156664K [0x0000000080000000, 0x0000000100000000)
  region size 1024K, 12 young (12288K), 1 survivors (1024K)
 Metaspace       used 115106K, capacity 119324K, committed 119588K, reserved 620544K
  class space    used 15282K, capacity 16849K, committed 16896K, reserved 516096K
}
Event: 101.566 GC heap after
{Heap after GC invocations=77 (full 0):
 garbage-first heap   total 244736K, used 151438K [0x0000000080000000, 0x0000000100000000)
  region size 1024K, 2 young (2048K), 2 survivors (2048K)
 Metaspace       used 115106K, capacity 119324K, committed 119588K, reserved 620544K
  class space    used 15282K, capacity 16849K, committed 16896K, reserved 516096K
}
Event: 101.761 GC heap before
{Heap before GC invocations=77 (full 0):
 garbage-first heap   total 244736K, used 180110K [0x0000000080000000, 0x0000000100000000)
  region size 1024K, 30 young (30720K), 2 survivors (2048K)
 Metaspace       used 116740K, capacity 121073K, committed 121124K, reserved 620544K
  class space    used 15511K, capacity 17149K, committed 17152K, reserved 516096K
}
Event: 101.764 GC heap after
{Heap after GC invocations=78 (full 0):
 garbage-first heap   total 244736K, used 153227K [0x0000000080000000, 0x0000000100000000)
  region size 1024K, 4 young (4096K), 4 survivors (4096K)
 Metaspace       used 116740K, capacity 121073K, committed 121124K, reserved 620544K
  class space    used 15511K, capacity 17149K, committed 17152K, reserved 516096K
}
Event: 102.086 GC heap before
{Heap before GC invocations=78 (full 0):
 garbage-first heap   total 244736K, used 182923K [0x0000000080000000, 0x0000000100000000)
  region size 1024K, 33 young (33792K), 4 survivors (4096K)
 Metaspace       used 117647K, capacity 122066K, committed 122404K, reserved 622592K
  class space    used 15631K, capacity 17320K, committed 17408K, reserved 516096K
}
Event: 102.092 GC heap after
{Heap after GC invocations=79 (full 0):
 garbage-first heap   total 244736K, used 158371K [0x0000000080000000, 0x0000000100000000)
  region size 1024K, 5 young (5120K), 5 survivors (5120K)
 Metaspace       used 117647K, capacity 122066K, committed 122404K, reserved 622592K
  class space    used 15631K, capacity 17320K, committed 17408K, reserved 516096K
}
Event: 102.322 GC heap before
{Heap before GC invocations=79 (full 0):
 garbage-first heap   total 244736K, used 187043K [0x0000000080000000, 0x0000000100000000)
  region size 1024K, 34 young (34816K), 5 survivors (5120K)
 Metaspace       used 118896K, capacity 123334K, committed 123684K, reserved 622592K
  class space    used 15838K, capacity 17543K, committed 17664K, reserved 516096K
}
Event: 102.328 GC heap after
{Heap after GC invocations=80 (full 0):
 garbage-first heap   total 244736K, used 159885K [0x0000000080000000, 0x0000000100000000)
  region size 1024K, 2 young (2048K), 2 survivors (2048K)
 Metaspace       used 118896K, capacity 123334K, committed 123684K, reserved 622592K
  class space    used 15838K, capacity 17543K, committed 17664K, reserved 516096K
}
Event: 102.705 GC heap before
{Heap before GC invocations=80 (full 0):
 garbage-first heap   total 244736K, used 190605K [0x0000000080000000, 0x0000000100000000)
  region size 1024K, 32 young (32768K), 2 survivors (2048K)
 Metaspace       used 120775K, capacity 125223K, committed 125476K, reserved 624640K
  class space    used 16103K, capacity 17825K, committed 17920K, reserved 516096K
}

Deoptimization events (10 events):
Event: 102.063 Thread 0x0000025812523000 Uncommon trap: reason=unstable_if action=reinterpret pc=0x0000025807b24c4c method=org.gradle.internal.logging.text.AbstractLineChoppingStyledTextOutput$2.execute(Lorg/gradle/internal/logging/text/AbstractLineChoppingStyledTextOutput$StateContext;)V @ 34 c
Event: 102.063 Thread 0x0000025812523000 Uncommon trap: reason=unstable_if action=reinterpret pc=0x0000025807b23df8 method=org.gradle.internal.logging.text.AbstractLineChoppingStyledTextOutput$2.execute(Lorg/gradle/internal/logging/text/AbstractLineChoppingStyledTextOutput$StateContext;)V @ 34 c
Event: 102.170 Thread 0x0000025814b49800 Uncommon trap: reason=unstable_if action=reinterpret pc=0x0000025807d543b0 method=jdk.internal.org.objectweb.asm.ByteVector.putInt(I)Ljdk/internal/org/objectweb/asm/ByteVector; @ 13 c2
Event: 102.264 Thread 0x0000025814b49800 Uncommon trap: reason=unstable_if action=reinterpret pc=0x0000025808166ea8 method=com.google.gson.stream.JsonReader.peek()Lcom/google/gson/stream/JsonToken; @ 15 c2
Event: 102.482 Thread 0x0000025814b49800 Uncommon trap: reason=null_check action=make_not_entrant pc=0x000002580835b578 method=org.gradle.internal.instantiation.generator.AbstractClassGenerator.isPropertyType(Ljava/lang/Class;)Z @ 12 c2
Event: 102.503 Thread 0x0000025814b49800 Uncommon trap: reason=null_check action=make_not_entrant pc=0x000002580835d01c method=org.gradle.internal.instantiation.generator.AbstractClassGenerator$PropertyMetadata.addGetter(Lorg/gradle/internal/instantiation/generator/AbstractClassGenerator$MethodM
Event: 102.592 Thread 0x0000025814b49800 Uncommon trap: reason=array_check action=maybe_recompile pc=0x0000025808254d5c method=java.util.TimSort.binarySort([Ljava/lang/Object;IIILjava/util/Comparator;)V @ 215 c2
Event: 102.631 Thread 0x0000025814b49800 Uncommon trap: reason=null_check action=make_not_entrant pc=0x0000025808365664 method=org.gradle.internal.instantiation.generator.AbstractClassGenerator$DslMixInPropertyType.visitProperty(Lorg/gradle/internal/instantiation/generator/AbstractClassGenerator
Event: 102.638 Thread 0x0000025814b49800 Uncommon trap: reason=null_check action=make_not_entrant pc=0x000002580836653c method=org.gradle.internal.instantiation.generator.AbstractClassGenerator.isPropertyType(Ljava/lang/Class;)Z @ 21 c2
Event: 102.659 Thread 0x0000025814b49800 Uncommon trap: reason=null_check action=make_not_entrant pc=0x000002580836aa68 method=org.gradle.internal.instantiation.generator.AbstractClassGenerator.isIneligibleForConventionMapping(Lorg/gradle/internal/instantiation/generator/AbstractClassGenerator$P

Classes redefined (0 events):
No events

Internal exceptions (10 events):
Event: 101.895 Thread 0x0000025812523000 Exception <a 'java/lang/NoClassDefFoundError'{0x000000008e0f1c00}: org/jetbrains/kotlin/gradle/plugin/KotlinBasePluginWrapper> (0x000000008e0f1c00) thrown at [./open/src/hotspot/share/oops/constantPool.cpp, line 770]
Event: 102.084 Thread 0x0000025814b49800 Exception <a 'java/lang/NoSuchMethodError'{0x000000008cee26f0}: java.lang.invoke.DirectMethodHandle$Holder.invokeVirtual(Ljava/lang/Object;Ljava/lang/Object;)V> (0x000000008cee26f0) thrown at [./open/src/hotspot/share/interpreter/linkResolver.cpp, line 77
Event: 102.482 Thread 0x0000025814b49800 Implicit null exception at 0x000002580835b487 to 0x000002580835b567
Event: 102.503 Thread 0x0000025814b49800 Implicit null exception at 0x000002580835c90f to 0x000002580835d008
Event: 102.605 Thread 0x0000025814b49800 Exception <a 'java/lang/NoSuchMethodError'{0x000000008de79aa0}: java.lang.invoke.DirectMethodHandle$Holder.invokeStatic(Ljava/lang/Object;Ljava/lang/Object;Ljava/lang/Object;Ljava/lang/Object;Ljava/lang/Object;Ljava/lang/Object;I)Ljava/lang/Object;> (0x00
Event: 102.607 Thread 0x0000025814b49800 Exception <a 'java/lang/NoSuchMethodError'{0x000000008de91500}: java.lang.invoke.DirectMethodHandle$Holder.invokeStatic(Ljava/lang/Object;Ljava/lang/Object;Ljava/lang/Object;Ljava/lang/Object;Ljava/lang/Object;Ljava/lang/Object;II)Ljava/lang/Object;> (0x0
Event: 102.608 Thread 0x0000025814b49800 Exception <a 'java/lang/NoSuchMethodError'{0x000000008dea9ab0}: java.lang.invoke.DirectMethodHandle$Holder.invokeStatic(Ljava/lang/Object;Ljava/lang/Object;Ljava/lang/Object;Ljava/lang/Object;Ljava/lang/Object;Ljava/lang/Object;IILjava/lang/Object;)Ljava/
Event: 102.631 Thread 0x0000025814b49800 Implicit null exception at 0x0000025808364f4e to 0x0000025808365654
Event: 102.638 Thread 0x0000025814b49800 Implicit null exception at 0x0000025808366003 to 0x0000025808366528
Event: 102.659 Thread 0x0000025814b49800 Implicit null exception at 0x000002580836a194 to 0x000002580836aa5c

Events (10 events):
Event: 102.695 loading class com/android/build/gradle/internal/tasks/SigningConfigWriterTask$CreationAction$configure$2 done
Event: 102.698 loading class com/android/build/gradle/internal/tasks/AppMetadataTask$Companion
Event: 102.698 loading class com/android/build/gradle/internal/tasks/AppMetadataTask$Companion done
Event: 102.701 loading class com/android/build/gradle/options/StringOption
Event: 102.701 loading class com/android/build/gradle/options/StringOption done
Event: 102.701 loading class com/android/build/gradle/options/ProjectOptions
Event: 102.701 loading class com/android/build/gradle/options/ProjectOptions done
Event: 102.704 loading class com/android/build/gradle/internal/tasks/MergeArtProfileTask$CreationAction$configure$1
Event: 102.704 loading class com/android/build/gradle/internal/tasks/MergeArtProfileTask$CreationAction$configure$1 done
Event: 102.705 Executing VM operation: G1CollectForAllocation


Dynamic libraries:
0x00007ff6c5920000 - 0x00007ff6c5930000 	C:\Program Files\Java\jdk-11\bin\java.exe
0x00007ffe61430000 - 0x00007ffe61647000 	C:\WINDOWS\SYSTEM32\ntdll.dll
0x00007ffe5f460000 - 0x00007ffe5f524000 	C:\WINDOWS\System32\KERNEL32.DLL
0x00007ffe5ea30000 - 0x00007ffe5edd5000 	C:\WINDOWS\System32\KERNELBASE.dll
0x00007ffe5ef40000 - 0x00007ffe5f051000 	C:\WINDOWS\System32\ucrtbase.dll
0x00007ffe46ce0000 - 0x00007ffe46cfb000 	C:\Program Files\Java\jdk-11\bin\VCRUNTIME140.dll
0x00007ffe46040000 - 0x00007ffe46059000 	C:\Program Files\Java\jdk-11\bin\jli.dll
0x00007ffe5fba0000 - 0x00007ffe5fc51000 	C:\WINDOWS\System32\ADVAPI32.dll
0x00007ffe5f530000 - 0x00007ffe5f5d7000 	C:\WINDOWS\System32\msvcrt.dll
0x00007ffe60030000 - 0x00007ffe600d6000 	C:\WINDOWS\System32\sechost.dll
0x00007ffe60650000 - 0x00007ffe60767000 	C:\WINDOWS\System32\RPCRT4.dll
0x00007ffe61130000 - 0x00007ffe612de000 	C:\WINDOWS\System32\USER32.dll
0x00007ffe5f0d0000 - 0x00007ffe5f0f6000 	C:\WINDOWS\System32\win32u.dll
0x00007ffe60140000 - 0x00007ffe60169000 	C:\WINDOWS\System32\GDI32.dll
0x00007ffe5e910000 - 0x00007ffe5ea29000 	C:\WINDOWS\System32\gdi32full.dll
0x00007ffe5ede0000 - 0x00007ffe5ee7a000 	C:\WINDOWS\System32\msvcp_win.dll
0x00007ffe51160000 - 0x00007ffe513f3000 	C:\WINDOWS\WinSxS\amd64_microsoft.windows.common-controls_6595b64144ccf1df_6.0.22621.2506_none_270c5ae97388e100\COMCTL32.dll
0x00007ffe58650000 - 0x00007ffe5865a000 	C:\WINDOWS\SYSTEM32\VERSION.dll
0x00007ffe60100000 - 0x00007ffe60131000 	C:\WINDOWS\System32\IMM32.DLL
0x00007ffe4ee70000 - 0x00007ffe4ee7c000 	C:\Program Files\Java\jdk-11\bin\vcruntime140_1.dll
0x00007ffe15610000 - 0x00007ffe1569e000 	C:\Program Files\Java\jdk-11\bin\msvcp140.dll
0x00007ffdec7d0000 - 0x00007ffded33c000 	C:\Program Files\Java\jdk-11\bin\server\jvm.dll
0x00007ffe61390000 - 0x00007ffe61398000 	C:\WINDOWS\System32\PSAPI.DLL
0x00007ffe4efa0000 - 0x00007ffe4efa9000 	C:\WINDOWS\SYSTEM32\WSOCK32.dll
0x00007ffe58790000 - 0x00007ffe587c4000 	C:\WINDOWS\SYSTEM32\WINMM.dll
0x00007ffe5f3d0000 - 0x00007ffe5f441000 	C:\WINDOWS\System32\WS2_32.dll
0x00007ffe5d890000 - 0x00007ffe5d8a8000 	C:\WINDOWS\SYSTEM32\kernel.appcore.dll
0x00007ffe4e2b0000 - 0x00007ffe4e2c0000 	C:\Program Files\Java\jdk-11\bin\verify.dll
0x00007ffe5c0b0000 - 0x00007ffe5c2e3000 	C:\WINDOWS\SYSTEM32\DBGHELP.DLL
0x00007ffe60170000 - 0x00007ffe604f9000 	C:\WINDOWS\System32\combase.dll
0x00007ffe5f5e0000 - 0x00007ffe5f6b7000 	C:\WINDOWS\System32\OLEAUT32.dll
0x00007ffe56eb0000 - 0x00007ffe56ee2000 	C:\WINDOWS\SYSTEM32\dbgcore.DLL
0x00007ffe5f100000 - 0x00007ffe5f17a000 	C:\WINDOWS\System32\bcryptPrimitives.dll
0x00007ffe39950000 - 0x00007ffe39978000 	C:\Program Files\Java\jdk-11\bin\java.dll
0x00007ffe4e1a0000 - 0x00007ffe4e1aa000 	C:\Program Files\Java\jdk-11\bin\jimage.dll
0x00007ffe3d240000 - 0x00007ffe3d257000 	C:\Program Files\Java\jdk-11\bin\zip.dll
0x00007ffe607d0000 - 0x00007ffe61029000 	C:\WINDOWS\System32\SHELL32.dll
0x00007ffe5c6d0000 - 0x00007ffe5cfc4000 	C:\WINDOWS\SYSTEM32\windows.storage.dll
0x00007ffe5c590000 - 0x00007ffe5c6ce000 	C:\WINDOWS\SYSTEM32\wintypes.dll
0x00007ffe61030000 - 0x00007ffe61123000 	C:\WINDOWS\System32\SHCORE.dll
0x00007ffe60770000 - 0x00007ffe607ce000 	C:\WINDOWS\System32\shlwapi.dll
0x00007ffe5e6d0000 - 0x00007ffe5e6f6000 	C:\WINDOWS\SYSTEM32\profapi.dll
0x00007ffe3b910000 - 0x00007ffe3b929000 	C:\Program Files\Java\jdk-11\bin\net.dll
0x00007ffe58f80000 - 0x00007ffe590b7000 	C:\WINDOWS\SYSTEM32\WINHTTP.dll
0x00007ffe5dd10000 - 0x00007ffe5dd79000 	C:\WINDOWS\system32\mswsock.dll
0x00007ffe23cc0000 - 0x00007ffe23cd2000 	C:\Program Files\Java\jdk-11\bin\nio.dll
0x00007ffe17ca0000 - 0x00007ffe17cc7000 	C:\Users\Asus\.gradle\native\68d5fa5c4cc2d200863cafc0d521ce42e7d3e7ee720ec0a83991735586a16f82\windows-amd64\native-platform.dll
0x00007ffe0a320000 - 0x00007ffe0a464000 	C:\Users\Asus\.gradle\native\e376f236ea51e6404a007f0833ffe2c6e607c4080706a723a18a27aeea778392\windows-amd64\native-platform-file-events.dll
0x00007ffe48f30000 - 0x00007ffe48f39000 	C:\Program Files\Java\jdk-11\bin\management.dll
0x00007ffe487b0000 - 0x00007ffe487bb000 	C:\Program Files\Java\jdk-11\bin\management_ext.dll
0x00007ffe5df60000 - 0x00007ffe5df7b000 	C:\WINDOWS\SYSTEM32\CRYPTSP.dll
0x00007ffe5d7f0000 - 0x00007ffe5d825000 	C:\WINDOWS\system32\rsaenh.dll
0x00007ffe5de00000 - 0x00007ffe5de2c000 	C:\WINDOWS\SYSTEM32\USERENV.dll
0x00007ffe5e130000 - 0x00007ffe5e158000 	C:\WINDOWS\SYSTEM32\bcrypt.dll
0x00007ffe5df80000 - 0x00007ffe5df8c000 	C:\WINDOWS\SYSTEM32\CRYPTBASE.dll
0x00007ffe5d2a0000 - 0x00007ffe5d2cd000 	C:\WINDOWS\SYSTEM32\IPHLPAPI.DLL
0x00007ffe5fd00000 - 0x00007ffe5fd09000 	C:\WINDOWS\System32\NSI.dll
0x00007ffe597f0000 - 0x00007ffe59809000 	C:\WINDOWS\SYSTEM32\dhcpcsvc6.DLL
0x00007ffe58b30000 - 0x00007ffe58b4f000 	C:\WINDOWS\SYSTEM32\dhcpcsvc.DLL
0x00007ffe5d310000 - 0x00007ffe5d409000 	C:\WINDOWS\SYSTEM32\DNSAPI.dll
0x00007ffe48740000 - 0x00007ffe4874d000 	C:\Program Files\Java\jdk-11\bin\sunmscapi.dll
0x00007ffe5e7a0000 - 0x00007ffe5e906000 	C:\WINDOWS\System32\CRYPT32.dll
0x00007ffe5e100000 - 0x00007ffe5e12d000 	C:\WINDOWS\SYSTEM32\ncrypt.dll
0x00007ffe5e0c0000 - 0x00007ffe5e0f7000 	C:\WINDOWS\SYSTEM32\NTASN1.dll
0x00007ffe16100000 - 0x00007ffe16127000 	C:\Program Files\Java\jdk-11\bin\sunec.dll
0x00007ffe538c0000 - 0x00007ffe538ca000 	C:\Windows\System32\rasadhlp.dll
0x00007ffe57f90000 - 0x00007ffe58013000 	C:\WINDOWS\System32\fwpuclnt.dll

dbghelp: loaded successfully - version: 4.0.5 - missing functions: none
symbol engine: initialized successfully - sym options: 0x614 - pdb path: .;C:\Program Files\Java\jdk-11\bin;C:\WINDOWS\SYSTEM32;C:\WINDOWS\WinSxS\amd64_microsoft.windows.common-controls_6595b64144ccf1df_6.0.22621.2506_none_270c5ae97388e100;C:\Program Files\Java\jdk-11\bin\server;C:\Users\Asus\.gradle\native\68d5fa5c4cc2d200863cafc0d521ce42e7d3e7ee720ec0a83991735586a16f82\windows-amd64;C:\Users\Asus\.gradle\native\e376f236ea51e6404a007f0833ffe2c6e607c4080706a723a18a27aeea778392\windows-amd64

VM Arguments:
jvm_args: -XX:MaxMetaspaceSize=512m --add-opens=java.base/java.util=ALL-UNNAMED --add-opens=java.base/java.lang=ALL-UNNAMED --add-opens=java.base/java.lang.invoke=ALL-UNNAMED --add-opens=java.prefs/java.util.prefs=ALL-UNNAMED --add-opens=java.base/java.nio.charset=ALL-UNNAMED --add-opens=java.base/java.net=ALL-UNNAMED --add-opens=java.base/java.util.concurrent.atomic=ALL-UNNAMED -Xmx2048m -Dfile.encoding=windows-1252 -Duser.country=US -Duser.language=en -Duser.variant 
java_command: org.gradle.launcher.daemon.bootstrap.GradleDaemon 8.0.1
java_class_path (initial): C:\Users\Asus\.gradle\wrapper\dists\gradle-8.0.1-all\aro4hu1c3oeioove7l0i4i14o\gradle-8.0.1\lib\gradle-launcher-8.0.1.jar
Launcher Type: SUN_STANDARD

[Global flags]
     intx CICompilerCount                          = 4                                         {product} {ergonomic}
   size_t CompressedClassSpaceSize                 = 528482304                                 {product} {ergonomic}
     uint ConcGCThreads                            = 2                                         {product} {ergonomic}
     uint G1ConcRefinementThreads                  = 8                                         {product} {ergonomic}
   size_t G1HeapRegionSize                         = 1048576                                   {product} {ergonomic}
    uintx GCDrainStackTargetSize                   = 64                                        {product} {ergonomic}
   size_t InitialHeapSize                          = 132120576                                 {product} {ergonomic}
   size_t MarkStackSize                            = 4194304                                   {product} {ergonomic}
   size_t MaxHeapSize                              = 2147483648                                {product} {command line}
   size_t MaxMetaspaceSize                         = 536870912                                 {product} {command line}
   size_t MaxNewSize                               = 1287651328                                {product} {ergonomic}
   size_t MinHeapDeltaBytes                        = 1048576                                   {product} {ergonomic}
    uintx NonNMethodCodeHeapSize                   = 5836300                                {pd product} {ergonomic}
    uintx NonProfiledCodeHeapSize                  = 122910970                              {pd product} {ergonomic}
    uintx ProfiledCodeHeapSize                     = 122910970                              {pd product} {ergonomic}
    uintx ReservedCodeCacheSize                    = 251658240                              {pd product} {ergonomic}
     bool SegmentedCodeCache                       = true                                      {product} {ergonomic}
     bool UseCompressedClassPointers               = true                                 {lp64_product} {ergonomic}
     bool UseCompressedOops                        = true                                 {lp64_product} {ergonomic}
     bool UseG1GC                                  = true                                      {product} {ergonomic}
     bool UseLargePagesIndividualAllocation        = false                                  {pd product} {ergonomic}

Logging:
Log output configuration:
 #0: stdout all=warning uptime,level,tags
 #1: stderr all=off uptime,level,tags

Environment Variables:
JAVA_HOME=C:\Program Files\Java\jdk-11
CLASSPATH=D:\React_projects\gwalior_basket_app\android\\gradle\wrapper\gradle-wrapper.jar
PATH=D:\React_projects\gwalior_basket_app\node_modules\.bin;D:\React_projects\gwalior_basket_app\node_modules\.bin;D:\React_projects\node_modules\.bin;D:\node_modules\.bin;C:\Program Files\nodejs\node_modules\npm\node_modules\@npmcli\run-script\lib\node-gyp-bin;D:\React_projects\gwalior_basket_app\node_modules\.bin;D:\React_projects\gwalior_basket_app\node_modules\.bin;D:\React_projects\node_modules\.bin;D:\node_modules\.bin;C:\Program Files\nodejs\node_modules\npm\node_modules\@npmcli\run-script\lib\node-gyp-bin;C:\oraclexe\app\oracle\product\11.2.0\server\bin;C:\Program Files\Common Files\Oracle\Java\javapath;C:\Windows\system32;C:\Windows;C:\Windows\System32\Wbem;C:\Windows\System32\WindowsPowerShell\v1.0\;C:\Windows\System32\OpenSSH\;C:\Program Files (x86)\NVIDIA Corporation\PhysX\Common;C:\Program Files\NVIDIA Corporation\NVIDIA NvDLISR;C:\MinGW\bin;C:\Program Files\dotnet\;C:\WINDOWS\system32;C:\WINDOWS;C:\WINDOWS\System32\Wbem;C:\WINDOWS\System32\WindowsPowerShell\v1.0\;C:\WINDOWS\System32\OpenSSH\;C:\Program Files\nodejs\;C:\Program Files\Git\cmd;C:\Program Files\MongoDB\Server\4.4\bin;C:\Users\Asus\AppData\Local\Android\Sdk\tools;C:\Users\Asus\AppData\Local\Programs\Python\Python310\Scripts\;C:\Users\Asus\AppData\Local\Programs\Python\Python310\;C:\Users\Asus\AppData\Local\Microsoft\WindowsApps;C:\Users\Asus\AppData\Local\Programs\Microsoft VS Code\bin;C:\Users\Asus\AppData\Roaming\npm;C:\Users\Asus\AppData\Local\GitHubDesktop\bin;C:\Users\Asus\AppData\Local\Android\Sdk\platform-tools;
USERNAME=Asus
OS=Windows_NT
PROCESSOR_IDENTIFIER=Intel64 Family 6 Model 165 Stepping 2, GenuineIntel



---------------  S Y S T E M  ---------------

OS: Windows 11 , 64 bit Build 22621 (10.0.22621.2506)

CPU:total 8 (initial active 8) (4 cores per cpu, 2 threads per core) family 6 model 165 stepping 2 microcode 0xe0, cmov, cx8, fxsr, mmx, sse, sse2, sse3, ssse3, sse4.1, sse4.2, popcnt, avx, avx2, aes, clmul, erms, 3dnowpref, lzcnt, ht, tsc, tscinvbit, bmi1, bmi2, adx, fma

Memory: 4k page, system-wide physical 8029M (285M free)
TotalPageFile size 22779M (AvailPageFile size 35M)
current process WorkingSet (physical memory assigned to process): 457M, peak: 464M
current process commit charge ("private bytes"): 593M, peak: 641M

vm_info: Java HotSpot(TM) 64-Bit Server VM (11.0.19+9-LTS-224) for windows-amd64 JRE (11.0.19+9-LTS-224), built on Mar 27 2023 08:48:55 by "mach5one" with MS VC++ 17.1 (VS2022)

END.
